{"D:\\dev\\cc113\\stealing-from-paradise\\frontend\\apps\\seller\\src\\components\\Orders\\CancelOrderModal.tsx": {"path":"D:\\dev\\cc113\\stealing-from-paradise\\frontend\\apps\\seller\\src\\components\\Orders\\CancelOrderModal.tsx","statementMap":{"0":{"start":{"line":23,"column":26},"end":{"line":23,"column":null}},"1":{"start":{"line":24,"column":22},"end":{"line":24,"column":null}},"2":{"start":{"line":25,"column":24},"end":{"line":25,"column":null}},"3":{"start":{"line":27,"column":8},"end":{"line":27,"column":null}},"4":{"start":{"line":29,"column":8},"end":{"line":33,"column":null}},"5":{"start":{"line":30,"column":22},"end":{"line":30,"column":null}},"6":{"start":{"line":31,"column":23},"end":{"line":31,"column":36}},"7":{"start":{"line":31,"column":36},"end":{"line":31,"column":47}},"8":{"start":{"line":32,"column":27},"end":{"line":32,"column":null}},"9":{"start":{"line":35,"column":2},"end":{"line":81,"column":null}},"10":{"start":{"line":48,"column":29},"end":{"line":48,"column":null}},"11":{"start":{"line":63,"column":29},"end":{"line":63,"column":null}},"12":{"start":{"line":73,"column":27},"end":{"line":73,"column":null}}},"fnMap":{"0":{"name":"CancelOrderModal","decl":{"start":{"line":22,"column":24},"end":{"line":22,"column":41}},"loc":{"start":{"line":22,"column":108},"end":{"line":83,"column":null}},"line":22},"1":{"name":"(anonymous_1)","decl":{"start":{"line":30,"column":16},"end":{"line":30,"column":22}},"loc":{"start":{"line":30,"column":22},"end":{"line":30,"column":null}},"line":30},"2":{"name":"(anonymous_2)","decl":{"start":{"line":31,"column":15},"end":{"line":31,"column":21}},"loc":{"start":{"line":31,"column":21},"end":{"line":31,"column":null}},"line":31},"3":{"name":"(anonymous_3)","decl":{"start":{"line":32,"column":13},"end":{"line":32,"column":14}},"loc":{"start":{"line":32,"column":27},"end":{"line":32,"column":null}},"line":32},"4":{"name":"(anonymous_4)","decl":{"start":{"line":48,"column":24},"end":{"line":48,"column":29}},"loc":{"start":{"line":48,"column":29},"end":{"line":48,"column":null}},"line":48},"5":{"name":"(anonymous_5)","decl":{"start":{"line":63,"column":24},"end":{"line":63,"column":29}},"loc":{"start":{"line":63,"column":29},"end":{"line":63,"column":null}},"line":63},"6":{"name":"(anonymous_6)","decl":{"start":{"line":73,"column":21},"end":{"line":73,"column":27}},"loc":{"start":{"line":73,"column":27},"end":{"line":73,"column":null}},"line":73}},"branchMap":{"0":{"loc":{"start":{"line":30,"column":83},"end":{"line":30,"column":108}},"type":"binary-expr","locations":[{"start":{"line":30,"column":83},"end":{"line":30,"column":98}},{"start":{"line":30,"column":98},"end":{"line":30,"column":108}}],"line":30},"1":{"loc":{"start":{"line":32,"column":36},"end":{"line":32,"column":86}},"type":"binary-expr","locations":[{"start":{"line":32,"column":36},"end":{"line":32,"column":68}},{"start":{"line":32,"column":68},"end":{"line":32,"column":86}}],"line":32},"2":{"loc":{"start":{"line":42,"column":9},"end":{"line":42,"column":null}},"type":"binary-expr","locations":[{"start":{"line":42,"column":9},"end":{"line":42,"column":18}},{"start":{"line":42,"column":18},"end":{"line":42,"column":null}}],"line":42},"3":{"loc":{"start":{"line":55,"column":13},"end":{"line":56,"column":null}},"type":"binary-expr","locations":[{"start":{"line":55,"column":13},"end":{"line":55,"column":34}},{"start":{"line":55,"column":34},"end":{"line":55,"column":null}},{"start":{"line":56,"column":14},"end":{"line":56,"column":null}}],"line":55},"4":{"loc":{"start":{"line":74,"column":22},"end":{"line":74,"column":null}},"type":"binary-expr","locations":[{"start":{"line":74,"column":22},"end":{"line":74,"column":43}},{"start":{"line":74,"column":43},"end":{"line":74,"column":null}}],"line":74},"5":{"loc":{"start":{"line":77,"column":13},"end":{"line":77,"column":null}},"type":"cond-expr","locations":[{"start":{"line":77,"column":29},"end":{"line":77,"column":45}},{"start":{"line":77,"column":45},"end":{"line":77,"column":null}}],"line":77}},"s":{"0":7,"1":7,"2":7,"3":7,"4":7,"5":1,"6":1,"7":1,"8":0,"9":7,"10":3,"11":0,"12":1},"f":{"0":7,"1":1,"2":1,"3":0,"4":3,"5":0,"6":1},"b":{"0":[1,1],"1":[0,0],"2":[7,0],"3":[7,4,1],"4":[7,3],"5":[0,7]},"meta":{"lastBranch":6,"lastFunction":7,"lastStatement":13,"seen":{"f:22:24:22:41":0,"s:23:26:23:Infinity":0,"s:24:22:24:Infinity":1,"s:25:24:25:Infinity":2,"s:27:8:27:Infinity":3,"s:29:8:33:Infinity":4,"f:30:16:30:22":1,"s:30:22:30:Infinity":5,"b:30:83:30:98:30:98:30:108":0,"f:31:15:31:21":2,"s:31:23:31:36":6,"s:31:36:31:47":7,"f:32:13:32:14":3,"s:32:27:32:Infinity":8,"b:32:36:32:68:32:68:32:86":1,"s:35:2:81:Infinity":9,"b:42:9:42:18:42:18:42:Infinity":2,"f:48:24:48:29":4,"s:48:29:48:Infinity":10,"b:55:13:55:34:55:34:55:Infinity:56:14:56:Infinity":3,"f:63:24:63:29":5,"s:63:29:63:Infinity":11,"f:73:21:73:27":6,"s:73:27:73:Infinity":12,"b:74:22:74:43:74:43:74:Infinity":4,"b:77:29:77:45:77:45:77:Infinity":5},"fnNames":{}}}
,"D:\\dev\\cc113\\stealing-from-paradise\\frontend\\apps\\seller\\src\\components\\Orders\\OrderDrawer.tsx": {"path":"D:\\dev\\cc113\\stealing-from-paradise\\frontend\\apps\\seller\\src\\components\\Orders\\OrderDrawer.tsx","statementMap":{"0":{"start":{"line":6,"column":8},"end":{"line":6,"column":null}},"1":{"start":{"line":8,"column":2},"end":{"line":54,"column":null}},"2":{"start":{"line":12,"column":22},"end":{"line":12,"column":null}},"3":{"start":{"line":46,"column":31},"end":{"line":46,"column":42}},"4":{"start":{"line":46,"column":42},"end":{"line":46,"column":80}}},"fnMap":{"0":{"name":"OrderDrawer","decl":{"start":{"line":5,"column":24},"end":{"line":5,"column":36}},"loc":{"start":{"line":5,"column":108},"end":{"line":56,"column":null}},"line":5},"1":{"name":"(anonymous_1)","decl":{"start":{"line":12,"column":17},"end":{"line":12,"column":22}},"loc":{"start":{"line":12,"column":22},"end":{"line":12,"column":null}},"line":12},"2":{"name":"(anonymous_2)","decl":{"start":{"line":46,"column":23},"end":{"line":46,"column":29}},"loc":{"start":{"line":46,"column":29},"end":{"line":46,"column":null}},"line":46}},"branchMap":{"0":{"loc":{"start":{"line":22,"column":92},"end":{"line":22,"column":136}},"type":"binary-expr","locations":[{"start":{"line":22,"column":92},"end":{"line":22,"column":111}},{"start":{"line":22,"column":111},"end":{"line":22,"column":136}}],"line":22},"1":{"loc":{"start":{"line":23,"column":15},"end":{"line":23,"column":null}},"type":"binary-expr","locations":[{"start":{"line":23,"column":15},"end":{"line":23,"column":38}},{"start":{"line":23,"column":38},"end":{"line":23,"column":null}}],"line":23},"2":{"loc":{"start":{"line":24,"column":96},"end":{"line":24,"column":138}},"type":"binary-expr","locations":[{"start":{"line":24,"column":96},"end":{"line":24,"column":134}},{"start":{"line":24,"column":134},"end":{"line":24,"column":138}}],"line":24},"3":{"loc":{"start":{"line":31,"column":109},"end":{"line":31,"column":137}},"type":"binary-expr","locations":[{"start":{"line":31,"column":109},"end":{"line":31,"column":133}},{"start":{"line":31,"column":133},"end":{"line":31,"column":137}}],"line":31},"4":{"loc":{"start":{"line":32,"column":95},"end":{"line":32,"column":116}},"type":"binary-expr","locations":[{"start":{"line":32,"column":95},"end":{"line":32,"column":112}},{"start":{"line":32,"column":112},"end":{"line":32,"column":116}}],"line":32}},"s":{"0":2,"1":2,"2":1,"3":1,"4":1},"f":{"0":2,"1":1,"2":1},"b":{"0":[2,0],"1":[2,2],"2":[2,0],"3":[2,0],"4":[2,0]},"meta":{"lastBranch":5,"lastFunction":3,"lastStatement":5,"seen":{"f:5:24:5:36":0,"s:6:8:6:Infinity":0,"s:8:2:54:Infinity":1,"f:12:17:12:22":1,"s:12:22:12:Infinity":2,"b:22:92:22:111:22:111:22:136":0,"b:23:15:23:38:23:38:23:Infinity":1,"b:24:96:24:134:24:134:24:138":2,"b:31:109:31:133:31:133:31:137":3,"b:32:95:32:112:32:112:32:116":4,"f:46:23:46:29":2,"s:46:31:46:42":3,"s:46:42:46:80":4},"fnNames":{}}}
,"D:\\dev\\cc113\\stealing-from-paradise\\frontend\\apps\\seller\\src\\components\\Orders\\RTSModal.tsx": {"path":"D:\\dev\\cc113\\stealing-from-paradise\\frontend\\apps\\seller\\src\\components\\Orders\\RTSModal.tsx","statementMap":{"0":{"start":{"line":22,"column":42},"end":{"line":22,"column":null}},"1":{"start":{"line":23,"column":22},"end":{"line":23,"column":null}},"2":{"start":{"line":24,"column":24},"end":{"line":24,"column":null}},"3":{"start":{"line":25,"column":24},"end":{"line":25,"column":null}},"4":{"start":{"line":27,"column":21},"end":{"line":27,"column":null}},"5":{"start":{"line":29,"column":8},"end":{"line":29,"column":null}},"6":{"start":{"line":31,"column":8},"end":{"line":41,"column":null}},"7":{"start":{"line":33,"column":17},"end":{"line":33,"column":null}},"8":{"start":{"line":34,"column":6},"end":{"line":34,"column":null}},"9":{"start":{"line":34,"column":17},"end":{"line":34,"column":null}},"10":{"start":{"line":34,"column":48},"end":{"line":34,"column":79}},"11":{"start":{"line":35,"column":6},"end":{"line":35,"column":null}},"12":{"start":{"line":36,"column":6},"end":{"line":36,"column":null}},"13":{"start":{"line":36,"column":23},"end":{"line":36,"column":null}},"14":{"start":{"line":37,"column":6},"end":{"line":37,"column":null}},"15":{"start":{"line":39,"column":23},"end":{"line":39,"column":36}},"16":{"start":{"line":39,"column":36},"end":{"line":39,"column":47}},"17":{"start":{"line":40,"column":27},"end":{"line":40,"column":null}},"18":{"start":{"line":43,"column":2},"end":{"line":99,"column":null}},"19":{"start":{"line":58,"column":29},"end":{"line":58,"column":null}},"20":{"start":{"line":68,"column":29},"end":{"line":68,"column":null}},"21":{"start":{"line":77,"column":29},"end":{"line":77,"column":null}},"22":{"start":{"line":91,"column":27},"end":{"line":91,"column":null}}},"fnMap":{"0":{"name":"RTSModal","decl":{"start":{"line":21,"column":24},"end":{"line":21,"column":33}},"loc":{"start":{"line":21,"column":92},"end":{"line":101,"column":null}},"line":21},"1":{"name":"(anonymous_1)","decl":{"start":{"line":32,"column":16},"end":{"line":32,"column":22}},"loc":{"start":{"line":32,"column":22},"end":{"line":38,"column":null}},"line":32},"2":{"name":"(anonymous_2)","decl":{"start":{"line":34,"column":43},"end":{"line":34,"column":48}},"loc":{"start":{"line":34,"column":48},"end":{"line":34,"column":79}},"line":34},"3":{"name":"(anonymous_3)","decl":{"start":{"line":39,"column":15},"end":{"line":39,"column":21}},"loc":{"start":{"line":39,"column":21},"end":{"line":39,"column":null}},"line":39},"4":{"name":"(anonymous_4)","decl":{"start":{"line":40,"column":13},"end":{"line":40,"column":14}},"loc":{"start":{"line":40,"column":27},"end":{"line":40,"column":null}},"line":40},"5":{"name":"(anonymous_5)","decl":{"start":{"line":58,"column":24},"end":{"line":58,"column":29}},"loc":{"start":{"line":58,"column":29},"end":{"line":58,"column":null}},"line":58},"6":{"name":"(anonymous_6)","decl":{"start":{"line":68,"column":24},"end":{"line":68,"column":29}},"loc":{"start":{"line":68,"column":29},"end":{"line":68,"column":null}},"line":68},"7":{"name":"(anonymous_7)","decl":{"start":{"line":77,"column":24},"end":{"line":77,"column":29}},"loc":{"start":{"line":77,"column":29},"end":{"line":77,"column":null}},"line":77},"8":{"name":"(anonymous_8)","decl":{"start":{"line":91,"column":21},"end":{"line":91,"column":27}},"loc":{"start":{"line":91,"column":27},"end":{"line":91,"column":null}},"line":91}},"branchMap":{"0":{"loc":{"start":{"line":27,"column":21},"end":{"line":27,"column":null}},"type":"binary-expr","locations":[{"start":{"line":27,"column":21},"end":{"line":27,"column":38}},{"start":{"line":27,"column":38},"end":{"line":27,"column":null}}],"line":27},"1":{"loc":{"start":{"line":34,"column":6},"end":{"line":34,"column":null}},"type":"if","locations":[{"start":{"line":34,"column":6},"end":{"line":34,"column":null}},{"start":{},"end":{}}],"line":34},"2":{"loc":{"start":{"line":36,"column":6},"end":{"line":36,"column":null}},"type":"if","locations":[{"start":{"line":36,"column":6},"end":{"line":36,"column":null}},{"start":{},"end":{}}],"line":36},"3":{"loc":{"start":{"line":40,"column":36},"end":{"line":40,"column":97}},"type":"binary-expr","locations":[{"start":{"line":40,"column":36},"end":{"line":40,"column":68}},{"start":{"line":40,"column":68},"end":{"line":40,"column":97}}],"line":40},"4":{"loc":{"start":{"line":50,"column":9},"end":{"line":50,"column":null}},"type":"binary-expr","locations":[{"start":{"line":50,"column":9},"end":{"line":50,"column":18}},{"start":{"line":50,"column":18},"end":{"line":50,"column":null}}],"line":50},"5":{"loc":{"start":{"line":61,"column":13},"end":{"line":61,"column":null}},"type":"binary-expr","locations":[{"start":{"line":61,"column":13},"end":{"line":61,"column":31}},{"start":{"line":61,"column":31},"end":{"line":61,"column":null}}],"line":61},"6":{"loc":{"start":{"line":84,"column":11},"end":{"line":85,"column":null}},"type":"binary-expr","locations":[{"start":{"line":84,"column":11},"end":{"line":84,"column":33}},{"start":{"line":84,"column":33},"end":{"line":84,"column":51}},{"start":{"line":84,"column":51},"end":{"line":84,"column":null}},{"start":{"line":85,"column":12},"end":{"line":85,"column":null}}],"line":84},"7":{"loc":{"start":{"line":92,"column":22},"end":{"line":92,"column":null}},"type":"binary-expr","locations":[{"start":{"line":92,"column":22},"end":{"line":92,"column":43}},{"start":{"line":92,"column":43},"end":{"line":92,"column":null}}],"line":92},"8":{"loc":{"start":{"line":95,"column":13},"end":{"line":95,"column":null}},"type":"cond-expr","locations":[{"start":{"line":95,"column":29},"end":{"line":95,"column":47}},{"start":{"line":95,"column":47},"end":{"line":95,"column":null}}],"line":95}},"s":{"0":6,"1":6,"2":6,"3":6,"4":6,"5":6,"6":6,"7":1,"8":1,"9":1,"10":1,"11":1,"12":1,"13":0,"14":1,"15":1,"16":1,"17":0,"18":6,"19":1,"20":2,"21":0,"22":1},"f":{"0":6,"1":1,"2":1,"3":1,"4":0,"5":1,"6":2,"7":0,"8":1},"b":{"0":[6,4],"1":[1,0],"2":[0,1],"3":[0,0],"4":[6,0],"5":[6,2],"6":[6,4,2,2],"7":[6,2],"8":[0,6]},"meta":{"lastBranch":9,"lastFunction":9,"lastStatement":23,"seen":{"f:21:24:21:33":0,"s:22:42:22:Infinity":0,"s:23:22:23:Infinity":1,"s:24:24:24:Infinity":2,"s:25:24:25:Infinity":3,"s:27:21:27:Infinity":4,"b:27:21:27:38:27:38:27:Infinity":0,"s:29:8:29:Infinity":5,"s:31:8:41:Infinity":6,"f:32:16:32:22":1,"s:33:17:33:Infinity":7,"b:34:6:34:Infinity:undefined:undefined:undefined:undefined":1,"s:34:6:34:Infinity":8,"s:34:17:34:Infinity":9,"f:34:43:34:48":2,"s:34:48:34:79":10,"s:35:6:35:Infinity":11,"b:36:6:36:Infinity:undefined:undefined:undefined:undefined":2,"s:36:6:36:Infinity":12,"s:36:23:36:Infinity":13,"s:37:6:37:Infinity":14,"f:39:15:39:21":3,"s:39:23:39:36":15,"s:39:36:39:47":16,"f:40:13:40:14":4,"s:40:27:40:Infinity":17,"b:40:36:40:68:40:68:40:97":3,"s:43:2:99:Infinity":18,"b:50:9:50:18:50:18:50:Infinity":4,"f:58:24:58:29":5,"s:58:29:58:Infinity":19,"b:61:13:61:31:61:31:61:Infinity":5,"f:68:24:68:29":6,"s:68:29:68:Infinity":20,"f:77:24:77:29":7,"s:77:29:77:Infinity":21,"b:84:11:84:33:84:33:84:51:84:51:84:Infinity:85:12:85:Infinity":6,"f:91:21:91:27":8,"s:91:27:91:Infinity":22,"b:92:22:92:43:92:43:92:Infinity":7,"b:95:29:95:47:95:47:95:Infinity":8},"fnNames":{}}}
,"D:\\dev\\cc113\\stealing-from-paradise\\frontend\\apps\\seller\\src\\components\\Orders\\TrackingModal.tsx": {"path":"D:\\dev\\cc113\\stealing-from-paradise\\frontend\\apps\\seller\\src\\components\\Orders\\TrackingModal.tsx","statementMap":{"0":{"start":{"line":14,"column":17},"end":{"line":14,"column":null}},"1":{"start":{"line":26,"column":42},"end":{"line":26,"column":null}},"2":{"start":{"line":27,"column":28},"end":{"line":27,"column":null}},"3":{"start":{"line":28,"column":22},"end":{"line":28,"column":null}},"4":{"start":{"line":29,"column":24},"end":{"line":29,"column":null}},"5":{"start":{"line":31,"column":8},"end":{"line":35,"column":null}},"6":{"start":{"line":32,"column":22},"end":{"line":32,"column":null}},"7":{"start":{"line":33,"column":23},"end":{"line":33,"column":36}},"8":{"start":{"line":33,"column":36},"end":{"line":33,"column":47}},"9":{"start":{"line":34,"column":27},"end":{"line":34,"column":null}},"10":{"start":{"line":37,"column":2},"end":{"line":88,"column":null}},"11":{"start":{"line":51,"column":29},"end":{"line":51,"column":null}},"12":{"start":{"line":60,"column":29},"end":{"line":60,"column":null}},"13":{"start":{"line":63,"column":33},"end":{"line":63,"column":71}},"14":{"start":{"line":70,"column":29},"end":{"line":70,"column":null}},"15":{"start":{"line":80,"column":27},"end":{"line":80,"column":null}}},"fnMap":{"0":{"name":"TrackingModal","decl":{"start":{"line":25,"column":24},"end":{"line":25,"column":38}},"loc":{"start":{"line":25,"column":117},"end":{"line":90,"column":null}},"line":25},"1":{"name":"(anonymous_1)","decl":{"start":{"line":32,"column":16},"end":{"line":32,"column":22}},"loc":{"start":{"line":32,"column":22},"end":{"line":32,"column":null}},"line":32},"2":{"name":"(anonymous_2)","decl":{"start":{"line":33,"column":15},"end":{"line":33,"column":21}},"loc":{"start":{"line":33,"column":21},"end":{"line":33,"column":null}},"line":33},"3":{"name":"(anonymous_3)","decl":{"start":{"line":34,"column":13},"end":{"line":34,"column":14}},"loc":{"start":{"line":34,"column":27},"end":{"line":34,"column":null}},"line":34},"4":{"name":"(anonymous_4)","decl":{"start":{"line":51,"column":24},"end":{"line":51,"column":29}},"loc":{"start":{"line":51,"column":29},"end":{"line":51,"column":null}},"line":51},"5":{"name":"(anonymous_5)","decl":{"start":{"line":60,"column":24},"end":{"line":60,"column":29}},"loc":{"start":{"line":60,"column":29},"end":{"line":60,"column":null}},"line":60},"6":{"name":"(anonymous_6)","decl":{"start":{"line":63,"column":28},"end":{"line":63,"column":33}},"loc":{"start":{"line":63,"column":33},"end":{"line":63,"column":71}},"line":63},"7":{"name":"(anonymous_7)","decl":{"start":{"line":70,"column":24},"end":{"line":70,"column":29}},"loc":{"start":{"line":70,"column":29},"end":{"line":70,"column":null}},"line":70},"8":{"name":"(anonymous_8)","decl":{"start":{"line":80,"column":21},"end":{"line":80,"column":27}},"loc":{"start":{"line":80,"column":27},"end":{"line":80,"column":null}},"line":80}},"branchMap":{"0":{"loc":{"start":{"line":32,"column":111},"end":{"line":32,"column":136}},"type":"binary-expr","locations":[{"start":{"line":32,"column":111},"end":{"line":32,"column":126}},{"start":{"line":32,"column":126},"end":{"line":32,"column":136}}],"line":32},"1":{"loc":{"start":{"line":34,"column":36},"end":{"line":34,"column":95}},"type":"binary-expr","locations":[{"start":{"line":34,"column":36},"end":{"line":34,"column":68}},{"start":{"line":34,"column":68},"end":{"line":34,"column":95}}],"line":34},"2":{"loc":{"start":{"line":42,"column":44},"end":{"line":42,"column":null}},"type":"cond-expr","locations":[{"start":{"line":42,"column":60},"end":{"line":42,"column":93}},{"start":{"line":42,"column":93},"end":{"line":42,"column":null}}],"line":42},"3":{"loc":{"start":{"line":44,"column":9},"end":{"line":44,"column":null}},"type":"binary-expr","locations":[{"start":{"line":44,"column":9},"end":{"line":44,"column":18}},{"start":{"line":44,"column":18},"end":{"line":44,"column":null}}],"line":44},"4":{"loc":{"start":{"line":81,"column":22},"end":{"line":81,"column":null}},"type":"binary-expr","locations":[{"start":{"line":81,"column":22},"end":{"line":81,"column":48}},{"start":{"line":81,"column":48},"end":{"line":81,"column":null}}],"line":81},"5":{"loc":{"start":{"line":84,"column":13},"end":{"line":84,"column":null}},"type":"cond-expr","locations":[{"start":{"line":84,"column":29},"end":{"line":84,"column":50}},{"start":{"line":84,"column":50},"end":{"line":84,"column":null}}],"line":84}},"s":{"0":3,"1":5,"2":5,"3":5,"4":5,"5":5,"6":1,"7":1,"8":1,"9":0,"10":5,"11":2,"12":0,"13":45,"14":0,"15":1},"f":{"0":5,"1":1,"2":1,"3":0,"4":2,"5":0,"6":45,"7":0,"8":1},"b":{"0":[1,1],"1":[0,0],"2":[5,0],"3":[5,0],"4":[5,3],"5":[0,5]},"meta":{"lastBranch":6,"lastFunction":9,"lastStatement":16,"seen":{"s:14:17:14:Infinity":0,"f:25:24:25:38":0,"s:26:42:26:Infinity":1,"s:27:28:27:Infinity":2,"s:28:22:28:Infinity":3,"s:29:24:29:Infinity":4,"s:31:8:35:Infinity":5,"f:32:16:32:22":1,"s:32:22:32:Infinity":6,"b:32:111:32:126:32:126:32:136":0,"f:33:15:33:21":2,"s:33:23:33:36":7,"s:33:36:33:47":8,"f:34:13:34:14":3,"s:34:27:34:Infinity":9,"b:34:36:34:68:34:68:34:95":1,"s:37:2:88:Infinity":10,"b:42:60:42:93:42:93:42:Infinity":2,"b:44:9:44:18:44:18:44:Infinity":3,"f:51:24:51:29":4,"s:51:29:51:Infinity":11,"f:60:24:60:29":5,"s:60:29:60:Infinity":12,"f:63:28:63:33":6,"s:63:33:63:71":13,"f:70:24:70:29":7,"s:70:29:70:Infinity":14,"f:80:21:80:27":8,"s:80:27:80:Infinity":15,"b:81:22:81:48:81:48:81:Infinity":4,"b:84:29:84:50:84:50:84:Infinity":5},"fnNames":{}}}
,"D:\\dev\\cc113\\stealing-from-paradise\\frontend\\apps\\seller\\src\\components\\ProductManagement\\ImageUploader.tsx": {"path":"D:\\dev\\cc113\\stealing-from-paradise\\frontend\\apps\\seller\\src\\components\\ProductManagement\\ImageUploader.tsx","statementMap":{"0":{"start":{"line":5,"column":32},"end":{"line":5,"column":null}},"1":{"start":{"line":6,"column":24},"end":{"line":6,"column":null}},"2":{"start":{"line":8,"column":23},"end":{"line":27,"column":null}},"3":{"start":{"line":9,"column":4},"end":{"line":9,"column":null}},"4":{"start":{"line":9,"column":38},"end":{"line":9,"column":null}},"5":{"start":{"line":10,"column":4},"end":{"line":10,"column":null}},"6":{"start":{"line":11,"column":4},"end":{"line":11,"column":null}},"7":{"start":{"line":12,"column":4},"end":{"line":26,"column":null}},"8":{"start":{"line":13,"column":34},"end":{"line":13,"column":null}},"9":{"start":{"line":14,"column":6},"end":{"line":20,"column":null}},"10":{"start":{"line":15,"column":8},"end":{"line":15,"column":null}},"11":{"start":{"line":15,"column":45},"end":{"line":15,"column":null}},"12":{"start":{"line":16,"column":31},"end":{"line":16,"column":null}},"13":{"start":{"line":17,"column":23},"end":{"line":17,"column":null}},"14":{"start":{"line":18,"column":8},"end":{"line":18,"column":null}},"15":{"start":{"line":19,"column":8},"end":{"line":19,"column":null}},"16":{"start":{"line":21,"column":6},"end":{"line":21,"column":null}},"17":{"start":{"line":23,"column":6},"end":{"line":23,"column":null}},"18":{"start":{"line":25,"column":6},"end":{"line":25,"column":null}},"19":{"start":{"line":29,"column":2},"end":{"line":55,"column":null}},"20":{"start":{"line":34,"column":10},"end":{"line":40,"column":null}},"21":{"start":{"line":37,"column":29},"end":{"line":37,"column":null}},"22":{"start":{"line":37,"column":62},"end":{"line":37,"column":69}},"23":{"start":{"line":52,"column":87},"end":{"line":52,"column":117}}},"fnMap":{"0":{"name":"ImageUploader","decl":{"start":{"line":4,"column":24},"end":{"line":4,"column":38}},"loc":{"start":{"line":4,"column":148},"end":{"line":57,"column":null}},"line":4},"1":{"name":"(anonymous_1)","decl":{"start":{"line":8,"column":23},"end":{"line":8,"column":30}},"loc":{"start":{"line":8,"column":57},"end":{"line":27,"column":null}},"line":8},"2":{"name":"(anonymous_2)","decl":{"start":{"line":33,"column":20},"end":{"line":33,"column":21}},"loc":{"start":{"line":34,"column":10},"end":{"line":40,"column":null}},"line":34},"3":{"name":"(anonymous_3)","decl":{"start":{"line":37,"column":23},"end":{"line":37,"column":29}},"loc":{"start":{"line":37,"column":29},"end":{"line":37,"column":null}},"line":37},"4":{"name":"(anonymous_4)","decl":{"start":{"line":37,"column":52},"end":{"line":37,"column":53}},"loc":{"start":{"line":37,"column":62},"end":{"line":37,"column":69}},"line":37},"5":{"name":"(anonymous_5)","decl":{"start":{"line":52,"column":82},"end":{"line":52,"column":87}},"loc":{"start":{"line":52,"column":87},"end":{"line":52,"column":117}},"line":52}},"branchMap":{"0":{"loc":{"start":{"line":9,"column":4},"end":{"line":9,"column":null}},"type":"if","locations":[{"start":{"line":9,"column":4},"end":{"line":9,"column":null}},{"start":{},"end":{}}],"line":9},"1":{"loc":{"start":{"line":9,"column":8},"end":{"line":9,"column":38}},"type":"binary-expr","locations":[{"start":{"line":9,"column":8},"end":{"line":9,"column":18}},{"start":{"line":9,"column":18},"end":{"line":9,"column":38}}],"line":9},"2":{"loc":{"start":{"line":15,"column":8},"end":{"line":15,"column":null}},"type":"if","locations":[{"start":{"line":15,"column":8},"end":{"line":15,"column":null}},{"start":{},"end":{}}],"line":15},"3":{"loc":{"start":{"line":42,"column":9},"end":{"line":45,"column":null}},"type":"binary-expr","locations":[{"start":{"line":42,"column":9},"end":{"line":42,"column":null}},{"start":{"line":43,"column":10},"end":{"line":45,"column":null}}],"line":42},"4":{"loc":{"start":{"line":54,"column":7},"end":{"line":54,"column":null}},"type":"binary-expr","locations":[{"start":{"line":54,"column":7},"end":{"line":54,"column":16}},{"start":{"line":54,"column":16},"end":{"line":54,"column":null}}],"line":54}},"s":{"0":3,"1":3,"2":3,"3":1,"4":0,"5":1,"6":1,"7":1,"8":1,"9":1,"10":1,"11":0,"12":1,"13":1,"14":1,"15":1,"16":1,"17":0,"18":1,"19":3,"20":0,"21":0,"22":0,"23":1},"f":{"0":3,"1":1,"2":0,"3":0,"4":0,"5":1},"b":{"0":[0,1],"1":[1,1],"2":[0,1],"3":[3,1],"4":[3,0]},"meta":{"lastBranch":5,"lastFunction":6,"lastStatement":24,"seen":{"f:4:24:4:38":0,"s:5:32:5:Infinity":0,"s:6:24:6:Infinity":1,"s:8:23:27:Infinity":2,"f:8:23:8:30":1,"b:9:4:9:Infinity:undefined:undefined:undefined:undefined":0,"s:9:4:9:Infinity":3,"b:9:8:9:18:9:18:9:38":1,"s:9:38:9:Infinity":4,"s:10:4:10:Infinity":5,"s:11:4:11:Infinity":6,"s:12:4:26:Infinity":7,"s:13:34:13:Infinity":8,"s:14:6:20:Infinity":9,"b:15:8:15:Infinity:undefined:undefined:undefined:undefined":2,"s:15:8:15:Infinity":10,"s:15:45:15:Infinity":11,"s:16:31:16:Infinity":12,"s:17:23:17:Infinity":13,"s:18:8:18:Infinity":14,"s:19:8:19:Infinity":15,"s:21:6:21:Infinity":16,"s:23:6:23:Infinity":17,"s:25:6:25:Infinity":18,"s:29:2:55:Infinity":19,"f:33:20:33:21":2,"s:34:10:40:Infinity":20,"f:37:23:37:29":3,"s:37:29:37:Infinity":21,"f:37:52:37:53":4,"s:37:62:37:69":22,"b:42:9:42:Infinity:43:10:45:Infinity":3,"f:52:82:52:87":5,"s:52:87:52:117":23,"b:54:7:54:16:54:16:54:Infinity":4},"fnNames":{}}}
,"D:\\dev\\cc113\\stealing-from-paradise\\frontend\\apps\\seller\\src\\components\\ProductManagement\\InventoryPanel.tsx": {"path":"D:\\dev\\cc113\\stealing-from-paradise\\frontend\\apps\\seller\\src\\components\\ProductManagement\\InventoryPanel.tsx","statementMap":{"0":{"start":{"line":7,"column":8},"end":{"line":7,"column":null}},"1":{"start":{"line":8,"column":32},"end":{"line":8,"column":null}},"2":{"start":{"line":9,"column":36},"end":{"line":9,"column":null}},"3":{"start":{"line":10,"column":38},"end":{"line":10,"column":null}},"4":{"start":{"line":11,"column":36},"end":{"line":11,"column":null}},"5":{"start":{"line":12,"column":34},"end":{"line":12,"column":null}},"6":{"start":{"line":13,"column":26},"end":{"line":13,"column":null}},"7":{"start":{"line":15,"column":8},"end":{"line":26,"column":null}},"8":{"start":{"line":17,"column":6},"end":{"line":17,"column":null}},"9":{"start":{"line":19,"column":6},"end":{"line":19,"column":null}},"10":{"start":{"line":20,"column":6},"end":{"line":20,"column":null}},"11":{"start":{"line":21,"column":6},"end":{"line":21,"column":null}},"12":{"start":{"line":22,"column":6},"end":{"line":22,"column":null}},"13":{"start":{"line":23,"column":6},"end":{"line":23,"column":null}},"14":{"start":{"line":25,"column":27},"end":{"line":25,"column":null}},"15":{"start":{"line":28,"column":8},"end":{"line":36,"column":null}},"16":{"start":{"line":30,"column":6},"end":{"line":30,"column":null}},"17":{"start":{"line":32,"column":6},"end":{"line":32,"column":null}},"18":{"start":{"line":33,"column":6},"end":{"line":33,"column":null}},"19":{"start":{"line":35,"column":27},"end":{"line":35,"column":null}},"20":{"start":{"line":38,"column":73},"end":{"line":43,"column":null}},"21":{"start":{"line":40,"column":19},"end":{"line":40,"column":null}},"22":{"start":{"line":40,"column":65},"end":{"line":40,"column":82}},"23":{"start":{"line":44,"column":20},"end":{"line":44,"column":null}},"24":{"start":{"line":46,"column":2},"end":{"line":52,"column":null}},"25":{"start":{"line":47,"column":4},"end":{"line":50,"column":null}},"26":{"start":{"line":54,"column":2},"end":{"line":193,"column":null}},"27":{"start":{"line":59,"column":33},"end":{"line":59,"column":53}},"28":{"start":{"line":65,"column":10},"end":{"line":92,"column":null}},"29":{"start":{"line":74,"column":33},"end":{"line":74,"column":58}},"30":{"start":{"line":74,"column":58},"end":{"line":74,"column":78}},"31":{"start":{"line":74,"column":78},"end":{"line":74,"column":99}},"32":{"start":{"line":78,"column":33},"end":{"line":78,"column":58}},"33":{"start":{"line":78,"column":58},"end":{"line":78,"column":77}},"34":{"start":{"line":78,"column":77},"end":{"line":78,"column":98}},"35":{"start":{"line":82,"column":33},"end":{"line":82,"column":58}},"36":{"start":{"line":82,"column":58},"end":{"line":82,"column":77}},"37":{"start":{"line":82,"column":77},"end":{"line":82,"column":98}},"38":{"start":{"line":86,"column":31},"end":{"line":86,"column":null}},"39":{"start":{"line":107,"column":31},"end":{"line":107,"column":null}},"40":{"start":{"line":114,"column":31},"end":{"line":114,"column":null}},"41":{"start":{"line":121,"column":18},"end":{"line":123,"column":null}},"42":{"start":{"line":122,"column":20},"end":{"line":122,"column":null}},"43":{"start":{"line":134,"column":29},"end":{"line":134,"column":null}},"44":{"start":{"line":139,"column":39},"end":{"line":139,"column":59}},"45":{"start":{"line":139,"column":59},"end":{"line":139,"column":79}},"46":{"start":{"line":143,"column":18},"end":{"line":143,"column":null}},"47":{"start":{"line":143,"column":43},"end":{"line":143,"column":97}},"48":{"start":{"line":143,"column":97},"end":{"line":143,"column":105}},"49":{"start":{"line":144,"column":18},"end":{"line":144,"column":null}},"50":{"start":{"line":163,"column":35},"end":{"line":163,"column":52}},"51":{"start":{"line":177,"column":16},"end":{"line":187,"column":null}}},"fnMap":{"0":{"name":"InventoryPanel","decl":{"start":{"line":6,"column":24},"end":{"line":6,"column":39}},"loc":{"start":{"line":6,"column":114},"end":{"line":195,"column":null}},"line":6},"1":{"name":"(anonymous_1)","decl":{"start":{"line":16,"column":16},"end":{"line":16,"column":17}},"loc":{"start":{"line":17,"column":6},"end":{"line":17,"column":null}},"line":17},"2":{"name":"(anonymous_2)","decl":{"start":{"line":18,"column":15},"end":{"line":18,"column":21}},"loc":{"start":{"line":18,"column":21},"end":{"line":24,"column":null}},"line":18},"3":{"name":"(anonymous_3)","decl":{"start":{"line":25,"column":13},"end":{"line":25,"column":14}},"loc":{"start":{"line":25,"column":27},"end":{"line":25,"column":null}},"line":25},"4":{"name":"(anonymous_4)","decl":{"start":{"line":29,"column":16},"end":{"line":29,"column":17}},"loc":{"start":{"line":30,"column":6},"end":{"line":30,"column":null}},"line":30},"5":{"name":"(anonymous_5)","decl":{"start":{"line":31,"column":15},"end":{"line":31,"column":21}},"loc":{"start":{"line":31,"column":21},"end":{"line":34,"column":null}},"line":31},"6":{"name":"(anonymous_6)","decl":{"start":{"line":35,"column":13},"end":{"line":35,"column":14}},"loc":{"start":{"line":35,"column":27},"end":{"line":35,"column":null}},"line":35},"7":{"name":"(anonymous_7)","decl":{"start":{"line":40,"column":13},"end":{"line":40,"column":19}},"loc":{"start":{"line":40,"column":19},"end":{"line":40,"column":null}},"line":40},"8":{"name":"(anonymous_8)","decl":{"start":{"line":40,"column":60},"end":{"line":40,"column":65}},"loc":{"start":{"line":40,"column":65},"end":{"line":40,"column":82}},"line":40},"9":{"name":"(anonymous_9)","decl":{"start":{"line":59,"column":27},"end":{"line":59,"column":33}},"loc":{"start":{"line":59,"column":33},"end":{"line":59,"column":53}},"line":59},"10":{"name":"(anonymous_10)","decl":{"start":{"line":64,"column":22},"end":{"line":64,"column":null}},"loc":{"start":{"line":65,"column":10},"end":{"line":92,"column":null}},"line":65},"11":{"name":"(anonymous_11)","decl":{"start":{"line":74,"column":25},"end":{"line":74,"column":31}},"loc":{"start":{"line":74,"column":31},"end":{"line":74,"column":null}},"line":74},"12":{"name":"(anonymous_12)","decl":{"start":{"line":78,"column":25},"end":{"line":78,"column":31}},"loc":{"start":{"line":78,"column":31},"end":{"line":78,"column":null}},"line":78},"13":{"name":"(anonymous_13)","decl":{"start":{"line":82,"column":25},"end":{"line":82,"column":31}},"loc":{"start":{"line":82,"column":31},"end":{"line":82,"column":null}},"line":82},"14":{"name":"(anonymous_14)","decl":{"start":{"line":86,"column":25},"end":{"line":86,"column":31}},"loc":{"start":{"line":86,"column":31},"end":{"line":86,"column":null}},"line":86},"15":{"name":"(anonymous_15)","decl":{"start":{"line":107,"column":26},"end":{"line":107,"column":31}},"loc":{"start":{"line":107,"column":31},"end":{"line":107,"column":null}},"line":107},"16":{"name":"(anonymous_16)","decl":{"start":{"line":114,"column":26},"end":{"line":114,"column":31}},"loc":{"start":{"line":114,"column":31},"end":{"line":114,"column":null}},"line":114},"17":{"name":"(anonymous_17)","decl":{"start":{"line":120,"column":25},"end":{"line":120,"column":31}},"loc":{"start":{"line":120,"column":31},"end":{"line":124,"column":null}},"line":120},"18":{"name":"(anonymous_18)","decl":{"start":{"line":134,"column":24},"end":{"line":134,"column":29}},"loc":{"start":{"line":134,"column":29},"end":{"line":134,"column":null}},"line":134},"19":{"name":"(anonymous_19)","decl":{"start":{"line":139,"column":31},"end":{"line":139,"column":37}},"loc":{"start":{"line":139,"column":37},"end":{"line":139,"column":null}},"line":139},"20":{"name":"(anonymous_20)","decl":{"start":{"line":142,"column":25},"end":{"line":142,"column":31}},"loc":{"start":{"line":142,"column":31},"end":{"line":145,"column":null}},"line":142},"21":{"name":"(anonymous_21)","decl":{"start":{"line":163,"column":29},"end":{"line":163,"column":35}},"loc":{"start":{"line":163,"column":35},"end":{"line":163,"column":52}},"line":163},"22":{"name":"(anonymous_22)","decl":{"start":{"line":176,"column":24},"end":{"line":176,"column":25}},"loc":{"start":{"line":177,"column":16},"end":{"line":187,"column":null}},"line":177}},"branchMap":{"0":{"loc":{"start":{"line":25,"column":42},"end":{"line":25,"column":95}},"type":"binary-expr","locations":[{"start":{"line":25,"column":42},"end":{"line":25,"column":74}},{"start":{"line":25,"column":74},"end":{"line":25,"column":95}}],"line":25},"1":{"loc":{"start":{"line":35,"column":42},"end":{"line":35,"column":94}},"type":"binary-expr","locations":[{"start":{"line":35,"column":42},"end":{"line":35,"column":74}},{"start":{"line":35,"column":74},"end":{"line":35,"column":94}}],"line":35},"2":{"loc":{"start":{"line":38,"column":16},"end":{"line":38,"column":27}},"type":"default-arg","locations":[{"start":{"line":38,"column":23},"end":{"line":38,"column":27}}],"line":38},"3":{"loc":{"start":{"line":40,"column":65},"end":{"line":40,"column":82}},"type":"binary-expr","locations":[{"start":{"line":40,"column":65},"end":{"line":40,"column":80}},{"start":{"line":40,"column":80},"end":{"line":40,"column":82}}],"line":40},"4":{"loc":{"start":{"line":46,"column":2},"end":{"line":52,"column":null}},"type":"if","locations":[{"start":{"line":46,"column":2},"end":{"line":52,"column":null}},{"start":{},"end":{}}],"line":46},"5":{"loc":{"start":{"line":56,"column":7},"end":{"line":60,"column":null}},"type":"binary-expr","locations":[{"start":{"line":56,"column":7},"end":{"line":56,"column":null}},{"start":{"line":57,"column":8},"end":{"line":60,"column":null}}],"line":56},"6":{"loc":{"start":{"line":68,"column":109},"end":{"line":68,"column":156}},"type":"cond-expr","locations":[{"start":{"line":68,"column":123},"end":{"line":68,"column":142}},{"start":{"line":68,"column":142},"end":{"line":68,"column":156}}],"line":68},"7":{"loc":{"start":{"line":86,"column":41},"end":{"line":86,"column":80}},"type":"cond-expr","locations":[{"start":{"line":86,"column":64},"end":{"line":86,"column":71}},{"start":{"line":86,"column":71},"end":{"line":86,"column":80}}],"line":86},"8":{"loc":{"start":{"line":87,"column":59},"end":{"line":87,"column":156}},"type":"cond-expr","locations":[{"start":{"line":87,"column":82},"end":{"line":87,"column":112}},{"start":{"line":87,"column":112},"end":{"line":87,"column":156}}],"line":87},"9":{"loc":{"start":{"line":97,"column":7},"end":{"line":153,"column":null}},"type":"binary-expr","locations":[{"start":{"line":97,"column":7},"end":{"line":97,"column":null}},{"start":{"line":98,"column":8},"end":{"line":153,"column":null}}],"line":97},"10":{"loc":{"start":{"line":113,"column":23},"end":{"line":113,"column":null}},"type":"binary-expr","locations":[{"start":{"line":113,"column":23},"end":{"line":113,"column":37}},{"start":{"line":113,"column":37},"end":{"line":113,"column":null}}],"line":113},"11":{"loc":{"start":{"line":121,"column":18},"end":{"line":123,"column":null}},"type":"if","locations":[{"start":{"line":121,"column":18},"end":{"line":123,"column":null}},{"start":{},"end":{}}],"line":121},"12":{"loc":{"start":{"line":122,"column":90},"end":{"line":122,"column":118}},"type":"binary-expr","locations":[{"start":{"line":122,"column":90},"end":{"line":122,"column":106}},{"start":{"line":122,"column":106},"end":{"line":122,"column":118}}],"line":122},"13":{"loc":{"start":{"line":125,"column":26},"end":{"line":125,"column":null}},"type":"binary-expr","locations":[{"start":{"line":125,"column":26},"end":{"line":125,"column":50}},{"start":{"line":125,"column":50},"end":{"line":125,"column":null}}],"line":125},"14":{"loc":{"start":{"line":128,"column":17},"end":{"line":128,"column":null}},"type":"cond-expr","locations":[{"start":{"line":128,"column":40},"end":{"line":128,"column":48}},{"start":{"line":128,"column":48},"end":{"line":128,"column":null}}],"line":128},"15":{"loc":{"start":{"line":143,"column":18},"end":{"line":143,"column":null}},"type":"if","locations":[{"start":{"line":143,"column":18},"end":{"line":143,"column":null}},{"start":{},"end":{}}],"line":143},"16":{"loc":{"start":{"line":144,"column":85},"end":{"line":144,"column":122}},"type":"binary-expr","locations":[{"start":{"line":144,"column":85},"end":{"line":144,"column":101}},{"start":{"line":144,"column":101},"end":{"line":144,"column":122}}],"line":144},"17":{"loc":{"start":{"line":149,"column":17},"end":{"line":149,"column":null}},"type":"cond-expr","locations":[{"start":{"line":149,"column":39},"end":{"line":149,"column":57}},{"start":{"line":149,"column":57},"end":{"line":149,"column":null}}],"line":149},"18":{"loc":{"start":{"line":157,"column":7},"end":{"line":191,"column":null}},"type":"binary-expr","locations":[{"start":{"line":157,"column":7},"end":{"line":157,"column":null}},{"start":{"line":158,"column":8},"end":{"line":191,"column":null}}],"line":157},"19":{"loc":{"start":{"line":165,"column":11},"end":{"line":189,"column":null}},"type":"cond-expr","locations":[{"start":{"line":166,"column":12},"end":{"line":166,"column":null}},{"start":{"line":167,"column":14},"end":{"line":189,"column":null}}],"line":165},"20":{"loc":{"start":{"line":167,"column":14},"end":{"line":189,"column":null}},"type":"cond-expr","locations":[{"start":{"line":168,"column":12},"end":{"line":171,"column":null}},{"start":{"line":172,"column":14},"end":{"line":189,"column":null}}],"line":167},"21":{"loc":{"start":{"line":172,"column":14},"end":{"line":189,"column":null}},"type":"cond-expr","locations":[{"start":{"line":173,"column":12},"end":{"line":173,"column":null}},{"start":{"line":175,"column":12},"end":{"line":189,"column":null}}],"line":172},"22":{"loc":{"start":{"line":178,"column":119},"end":{"line":178,"column":193}},"type":"cond-expr","locations":[{"start":{"line":178,"column":136},"end":{"line":178,"column":168}},{"start":{"line":178,"column":168},"end":{"line":178,"column":193}}],"line":178},"23":{"loc":{"start":{"line":179,"column":21},"end":{"line":179,"column":48}},"type":"cond-expr","locations":[{"start":{"line":179,"column":38},"end":{"line":179,"column":44}},{"start":{"line":179,"column":44},"end":{"line":179,"column":48}}],"line":179},"24":{"loc":{"start":{"line":182,"column":67},"end":{"line":182,"column":85}},"type":"binary-expr","locations":[{"start":{"line":182,"column":67},"end":{"line":182,"column":81}},{"start":{"line":182,"column":81},"end":{"line":182,"column":85}}],"line":182}},"s":{"0":5,"1":5,"2":5,"3":5,"4":5,"5":5,"6":5,"7":5,"8":1,"9":1,"10":1,"11":1,"12":1,"13":1,"14":0,"15":5,"16":0,"17":0,"18":0,"19":0,"20":5,"21":0,"22":0,"23":5,"24":5,"25":1,"26":4,"27":0,"28":4,"29":0,"30":0,"31":0,"32":1,"33":1,"34":1,"35":0,"36":0,"37":0,"38":0,"39":0,"40":0,"41":0,"42":0,"43":0,"44":0,"45":0,"46":1,"47":0,"48":0,"49":1,"50":0,"51":0},"f":{"0":5,"1":1,"2":1,"3":0,"4":0,"5":0,"6":0,"7":0,"8":0,"9":0,"10":4,"11":0,"12":1,"13":0,"14":0,"15":0,"16":0,"17":0,"18":0,"19":0,"20":1,"21":0,"22":0},"b":{"0":[0,0],"1":[0,0],"2":[5],"3":[0,0],"4":[1,4],"5":[4,0],"6":[4,0],"7":[0,0],"8":[0,4],"9":[5,1],"10":[1,1],"11":[0,0],"12":[0,0],"13":[1,1],"14":[0,1],"15":[0,1],"16":[1,1],"17":[0,1],"18":[5,0],"19":[0,0],"20":[0,0],"21":[0,0],"22":[0,0],"23":[0,0],"24":[0,0]},"meta":{"lastBranch":25,"lastFunction":23,"lastStatement":52,"seen":{"f:6:24:6:39":0,"s:7:8:7:Infinity":0,"s:8:32:8:Infinity":1,"s:9:36:9:Infinity":2,"s:10:38:10:Infinity":3,"s:11:36:11:Infinity":4,"s:12:34:12:Infinity":5,"s:13:26:13:Infinity":6,"s:15:8:26:Infinity":7,"f:16:16:16:17":1,"s:17:6:17:Infinity":8,"f:18:15:18:21":2,"s:19:6:19:Infinity":9,"s:20:6:20:Infinity":10,"s:21:6:21:Infinity":11,"s:22:6:22:Infinity":12,"s:23:6:23:Infinity":13,"f:25:13:25:14":3,"s:25:27:25:Infinity":14,"b:25:42:25:74:25:74:25:95":0,"s:28:8:36:Infinity":15,"f:29:16:29:17":4,"s:30:6:30:Infinity":16,"f:31:15:31:21":5,"s:32:6:32:Infinity":17,"s:33:6:33:Infinity":18,"f:35:13:35:14":6,"s:35:27:35:Infinity":19,"b:35:42:35:74:35:74:35:94":1,"s:38:73:43:Infinity":20,"b:38:23:38:27":2,"f:40:13:40:19":7,"s:40:19:40:Infinity":21,"f:40:60:40:65":8,"s:40:65:40:82":22,"b:40:65:40:80:40:80:40:82":3,"s:44:20:44:Infinity":23,"b:46:2:52:Infinity:undefined:undefined:undefined:undefined":4,"s:46:2:52:Infinity":24,"s:47:4:50:Infinity":25,"s:54:2:193:Infinity":26,"b:56:7:56:Infinity:57:8:60:Infinity":5,"f:59:27:59:33":9,"s:59:33:59:53":27,"f:64:22:64:Infinity":10,"s:65:10:92:Infinity":28,"b:68:123:68:142:68:142:68:156":6,"f:74:25:74:31":11,"s:74:33:74:58":29,"s:74:58:74:78":30,"s:74:78:74:99":31,"f:78:25:78:31":12,"s:78:33:78:58":32,"s:78:58:78:77":33,"s:78:77:78:98":34,"f:82:25:82:31":13,"s:82:33:82:58":35,"s:82:58:82:77":36,"s:82:77:82:98":37,"f:86:25:86:31":14,"s:86:31:86:Infinity":38,"b:86:64:86:71:86:71:86:80":7,"b:87:82:87:112:87:112:87:156":8,"b:97:7:97:Infinity:98:8:153:Infinity":9,"f:107:26:107:31":15,"s:107:31:107:Infinity":39,"b:113:23:113:37:113:37:113:Infinity":10,"f:114:26:114:31":16,"s:114:31:114:Infinity":40,"f:120:25:120:31":17,"b:121:18:123:Infinity:undefined:undefined:undefined:undefined":11,"s:121:18:123:Infinity":41,"s:122:20:122:Infinity":42,"b:122:90:122:106:122:106:122:118":12,"b:125:26:125:50:125:50:125:Infinity":13,"b:128:40:128:48:128:48:128:Infinity":14,"f:134:24:134:29":18,"s:134:29:134:Infinity":43,"f:139:31:139:37":19,"s:139:39:139:59":44,"s:139:59:139:79":45,"f:142:25:142:31":20,"b:143:18:143:Infinity:undefined:undefined:undefined:undefined":15,"s:143:18:143:Infinity":46,"s:143:43:143:97":47,"s:143:97:143:105":48,"s:144:18:144:Infinity":49,"b:144:85:144:101:144:101:144:122":16,"b:149:39:149:57:149:57:149:Infinity":17,"b:157:7:157:Infinity:158:8:191:Infinity":18,"f:163:29:163:35":21,"s:163:35:163:52":50,"b:166:12:166:Infinity:167:14:189:Infinity":19,"b:168:12:171:Infinity:172:14:189:Infinity":20,"b:173:12:173:Infinity:175:12:189:Infinity":21,"f:176:24:176:25":22,"s:177:16:187:Infinity":51,"b:178:136:178:168:178:168:178:193":22,"b:179:38:179:44:179:44:179:48":23,"b:182:67:182:81:182:81:182:85":24},"fnNames":{}}}
,"D:\\dev\\cc113\\stealing-from-paradise\\frontend\\apps\\seller\\src\\components\\ProductManagement\\ProductFormModal.tsx": {"path":"D:\\dev\\cc113\\stealing-from-paradise\\frontend\\apps\\seller\\src\\components\\ProductManagement\\ProductFormModal.tsx","statementMap":{"0":{"start":{"line":19,"column":8},"end":{"line":19,"column":null}},"1":{"start":{"line":20,"column":22},"end":{"line":20,"column":null}},"2":{"start":{"line":21,"column":36},"end":{"line":21,"column":null}},"3":{"start":{"line":22,"column":30},"end":{"line":22,"column":null}},"4":{"start":{"line":23,"column":26},"end":{"line":23,"column":null}},"5":{"start":{"line":24,"column":24},"end":{"line":24,"column":null}},"6":{"start":{"line":25,"column":24},"end":{"line":25,"column":null}},"7":{"start":{"line":26,"column":24},"end":{"line":26,"column":null}},"8":{"start":{"line":27,"column":22},"end":{"line":27,"column":null}},"9":{"start":{"line":28,"column":8},"end":{"line":28,"column":null}},"10":{"start":{"line":29,"column":2},"end":{"line":29,"column":null}},"11":{"start":{"line":29,"column":18},"end":{"line":29,"column":83}},"12":{"start":{"line":29,"column":26},"end":{"line":29,"column":80}},"13":{"start":{"line":29,"column":48},"end":{"line":29,"column":80}},"14":{"start":{"line":30,"column":32},"end":{"line":30,"column":null}},"15":{"start":{"line":33,"column":32},"end":{"line":36,"column":null}},"16":{"start":{"line":35,"column":19},"end":{"line":35,"column":null}},"17":{"start":{"line":35,"column":57},"end":{"line":35,"column":74}},"18":{"start":{"line":38,"column":2},"end":{"line":42,"column":null}},"19":{"start":{"line":39,"column":4},"end":{"line":41,"column":null}},"20":{"start":{"line":40,"column":6},"end":{"line":40,"column":null}},"21":{"start":{"line":45,"column":30},"end":{"line":49,"column":null}},"22":{"start":{"line":47,"column":19},"end":{"line":47,"column":null}},"23":{"start":{"line":47,"column":71},"end":{"line":47,"column":88}},"24":{"start":{"line":50,"column":36},"end":{"line":50,"column":null}},"25":{"start":{"line":51,"column":44},"end":{"line":51,"column":null}},"26":{"start":{"line":53,"column":8},"end":{"line":71,"column":null}},"27":{"start":{"line":55,"column":6},"end":{"line":57,"column":null}},"28":{"start":{"line":59,"column":6},"end":{"line":68,"column":null}},"29":{"start":{"line":61,"column":8},"end":{"line":61,"column":null}},"30":{"start":{"line":62,"column":8},"end":{"line":62,"column":null}},"31":{"start":{"line":63,"column":8},"end":{"line":63,"column":null}},"32":{"start":{"line":63,"column":46},"end":{"line":63,"column":59}},"33":{"start":{"line":63,"column":59},"end":{"line":63,"column":70}},"34":{"start":{"line":65,"column":8},"end":{"line":65,"column":null}},"35":{"start":{"line":66,"column":8},"end":{"line":66,"column":null}},"36":{"start":{"line":67,"column":8},"end":{"line":67,"column":null}},"37":{"start":{"line":67,"column":46},"end":{"line":67,"column":59}},"38":{"start":{"line":67,"column":59},"end":{"line":67,"column":70}},"39":{"start":{"line":70,"column":27},"end":{"line":70,"column":null}},"40":{"start":{"line":73,"column":25},"end":{"line":77,"column":null}},"41":{"start":{"line":74,"column":4},"end":{"line":74,"column":null}},"42":{"start":{"line":74,"column":34},"end":{"line":74,"column":82}},"43":{"start":{"line":74,"column":82},"end":{"line":74,"column":90}},"44":{"start":{"line":75,"column":4},"end":{"line":75,"column":null}},"45":{"start":{"line":76,"column":4},"end":{"line":76,"column":null}},"46":{"start":{"line":79,"column":2},"end":{"line":91,"column":null}},"47":{"start":{"line":80,"column":4},"end":{"line":89,"column":null}},"48":{"start":{"line":93,"column":16},"end":{"line":93,"column":null}},"49":{"start":{"line":95,"column":2},"end":{"line":241,"column":null}},"50":{"start":{"line":108,"column":12},"end":{"line":113,"column":null}},"51":{"start":{"line":108,"column":45},"end":{"line":108,"column":null}},"52":{"start":{"line":123,"column":61},"end":{"line":123,"column":null}},"53":{"start":{"line":129,"column":59},"end":{"line":129,"column":91}},"54":{"start":{"line":136,"column":56},"end":{"line":136,"column":null}},"55":{"start":{"line":140,"column":20},"end":{"line":142,"column":null}},"56":{"start":{"line":148,"column":66},"end":{"line":148,"column":92}},"57":{"start":{"line":155,"column":66},"end":{"line":155,"column":92}},"58":{"start":{"line":179,"column":20},"end":{"line":195,"column":null}},"59":{"start":{"line":184,"column":47},"end":{"line":184,"column":66}},"60":{"start":{"line":184,"column":66},"end":{"line":184,"column":92}},"61":{"start":{"line":187,"column":24},"end":{"line":187,"column":null}},"62":{"start":{"line":187,"column":74},"end":{"line":187,"column":null}},"63":{"start":{"line":188,"column":24},"end":{"line":193,"column":null}},"64":{"start":{"line":189,"column":26},"end":{"line":189,"column":null}},"65":{"start":{"line":190,"column":26},"end":{"line":190,"column":null}},"66":{"start":{"line":192,"column":26},"end":{"line":192,"column":null}},"67":{"start":{"line":198,"column":41},"end":{"line":198,"column":68}},"68":{"start":{"line":198,"column":68},"end":{"line":198,"column":94}},"69":{"start":{"line":234,"column":27},"end":{"line":234,"column":54}},"70":{"start":{"line":234,"column":54},"end":{"line":234,"column":81}},"71":{"start":{"line":236,"column":12},"end":{"line":236,"column":null}},"72":{"start":{"line":237,"column":12},"end":{"line":237,"column":null}}},"fnMap":{"0":{"name":"ProductFormModal","decl":{"start":{"line":10,"column":24},"end":{"line":10,"column":41}},"loc":{"start":{"line":18,"column":3},"end":{"line":243,"column":null}},"line":18},"1":{"name":"(anonymous_1)","decl":{"start":{"line":29,"column":12},"end":{"line":29,"column":18}},"loc":{"start":{"line":29,"column":18},"end":{"line":29,"column":83}},"line":29},"2":{"name":"(anonymous_2)","decl":{"start":{"line":29,"column":18},"end":{"line":29,"column":24}},"loc":{"start":{"line":29,"column":24},"end":{"line":29,"column":83}},"line":29},"3":{"name":"(anonymous_3)","decl":{"start":{"line":35,"column":13},"end":{"line":35,"column":19}},"loc":{"start":{"line":35,"column":19},"end":{"line":35,"column":null}},"line":35},"4":{"name":"(anonymous_4)","decl":{"start":{"line":35,"column":52},"end":{"line":35,"column":57}},"loc":{"start":{"line":35,"column":57},"end":{"line":35,"column":74}},"line":35},"5":{"name":"(anonymous_5)","decl":{"start":{"line":38,"column":12},"end":{"line":38,"column":18}},"loc":{"start":{"line":38,"column":18},"end":{"line":42,"column":5}},"line":38},"6":{"name":"(anonymous_6)","decl":{"start":{"line":47,"column":13},"end":{"line":47,"column":19}},"loc":{"start":{"line":47,"column":19},"end":{"line":47,"column":null}},"line":47},"7":{"name":"(anonymous_7)","decl":{"start":{"line":47,"column":66},"end":{"line":47,"column":71}},"loc":{"start":{"line":47,"column":71},"end":{"line":47,"column":88}},"line":47},"8":{"name":"(anonymous_8)","decl":{"start":{"line":54,"column":16},"end":{"line":54,"column":17}},"loc":{"start":{"line":55,"column":6},"end":{"line":57,"column":null}},"line":55},"9":{"name":"(anonymous_9)","decl":{"start":{"line":58,"column":15},"end":{"line":58,"column":16}},"loc":{"start":{"line":58,"column":24},"end":{"line":69,"column":null}},"line":58},"10":{"name":"(anonymous_10)","decl":{"start":{"line":63,"column":38},"end":{"line":63,"column":44}},"loc":{"start":{"line":63,"column":44},"end":{"line":63,"column":73}},"line":63},"11":{"name":"(anonymous_11)","decl":{"start":{"line":67,"column":38},"end":{"line":67,"column":44}},"loc":{"start":{"line":67,"column":44},"end":{"line":67,"column":73}},"line":67},"12":{"name":"(anonymous_12)","decl":{"start":{"line":70,"column":13},"end":{"line":70,"column":14}},"loc":{"start":{"line":70,"column":27},"end":{"line":70,"column":null}},"line":70},"13":{"name":"(anonymous_13)","decl":{"start":{"line":73,"column":25},"end":{"line":73,"column":31}},"loc":{"start":{"line":73,"column":31},"end":{"line":77,"column":null}},"line":73},"14":{"name":"(anonymous_14)","decl":{"start":{"line":107,"column":70},"end":{"line":107,"column":null}},"loc":{"start":{"line":108,"column":12},"end":{"line":113,"column":null}},"line":108},"15":{"name":"(anonymous_15)","decl":{"start":{"line":108,"column":39},"end":{"line":108,"column":45}},"loc":{"start":{"line":108,"column":45},"end":{"line":108,"column":null}},"line":108},"16":{"name":"(anonymous_16)","decl":{"start":{"line":123,"column":56},"end":{"line":123,"column":61}},"loc":{"start":{"line":123,"column":61},"end":{"line":123,"column":null}},"line":123},"17":{"name":"(anonymous_17)","decl":{"start":{"line":129,"column":54},"end":{"line":129,"column":59}},"loc":{"start":{"line":129,"column":59},"end":{"line":129,"column":91}},"line":129},"18":{"name":"(anonymous_18)","decl":{"start":{"line":136,"column":51},"end":{"line":136,"column":56}},"loc":{"start":{"line":136,"column":56},"end":{"line":136,"column":null}},"line":136},"19":{"name":"(anonymous_19)","decl":{"start":{"line":139,"column":34},"end":{"line":139,"column":null}},"loc":{"start":{"line":140,"column":20},"end":{"line":142,"column":null}},"line":140},"20":{"name":"(anonymous_20)","decl":{"start":{"line":148,"column":61},"end":{"line":148,"column":66}},"loc":{"start":{"line":148,"column":66},"end":{"line":148,"column":92}},"line":148},"21":{"name":"(anonymous_21)","decl":{"start":{"line":155,"column":61},"end":{"line":155,"column":66}},"loc":{"start":{"line":155,"column":66},"end":{"line":155,"column":92}},"line":155},"22":{"name":"(anonymous_22)","decl":{"start":{"line":178,"column":32},"end":{"line":178,"column":null}},"loc":{"start":{"line":179,"column":20},"end":{"line":195,"column":null}},"line":179},"23":{"name":"(anonymous_23)","decl":{"start":{"line":184,"column":39},"end":{"line":184,"column":45}},"loc":{"start":{"line":184,"column":45},"end":{"line":184,"column":null}},"line":184},"24":{"name":"(anonymous_24)","decl":{"start":{"line":186,"column":39},"end":{"line":186,"column":51}},"loc":{"start":{"line":186,"column":51},"end":{"line":194,"column":25}},"line":186},"25":{"name":"(anonymous_25)","decl":{"start":{"line":198,"column":33},"end":{"line":198,"column":39}},"loc":{"start":{"line":198,"column":39},"end":{"line":198,"column":null}},"line":198},"26":{"name":"(anonymous_26)","decl":{"start":{"line":234,"column":19},"end":{"line":234,"column":25}},"loc":{"start":{"line":234,"column":25},"end":{"line":234,"column":null}},"line":234},"27":{"name":"(anonymous_27)","decl":{"start":{"line":235,"column":21},"end":{"line":235,"column":27}},"loc":{"start":{"line":235,"column":27},"end":{"line":238,"column":null}},"line":235}},"branchMap":{"0":{"loc":{"start":{"line":20,"column":35},"end":{"line":20,"column":54}},"type":"binary-expr","locations":[{"start":{"line":20,"column":35},"end":{"line":20,"column":52}},{"start":{"line":20,"column":52},"end":{"line":20,"column":54}}],"line":20},"1":{"loc":{"start":{"line":21,"column":49},"end":{"line":21,"column":75}},"type":"binary-expr","locations":[{"start":{"line":21,"column":49},"end":{"line":21,"column":73}},{"start":{"line":21,"column":73},"end":{"line":21,"column":75}}],"line":21},"2":{"loc":{"start":{"line":22,"column":43},"end":{"line":22,"column":68}},"type":"binary-expr","locations":[{"start":{"line":22,"column":43},"end":{"line":22,"column":66}},{"start":{"line":22,"column":66},"end":{"line":22,"column":68}}],"line":22},"3":{"loc":{"start":{"line":23,"column":49},"end":{"line":23,"column":70}},"type":"binary-expr","locations":[{"start":{"line":23,"column":49},"end":{"line":23,"column":68}},{"start":{"line":23,"column":68},"end":{"line":23,"column":70}}],"line":23},"4":{"loc":{"start":{"line":24,"column":37},"end":{"line":24,"column":69}},"type":"binary-expr","locations":[{"start":{"line":24,"column":37},"end":{"line":24,"column":67}},{"start":{"line":24,"column":67},"end":{"line":24,"column":69}}],"line":24},"5":{"loc":{"start":{"line":25,"column":37},"end":{"line":25,"column":79}},"type":"binary-expr","locations":[{"start":{"line":25,"column":37},"end":{"line":25,"column":76}},{"start":{"line":25,"column":76},"end":{"line":25,"column":79}}],"line":25},"6":{"loc":{"start":{"line":29,"column":26},"end":{"line":29,"column":80}},"type":"if","locations":[{"start":{"line":29,"column":26},"end":{"line":29,"column":80}},{"start":{},"end":{}}],"line":29},"7":{"loc":{"start":{"line":33,"column":16},"end":{"line":33,"column":32}},"type":"default-arg","locations":[{"start":{"line":33,"column":29},"end":{"line":33,"column":32}}],"line":33},"8":{"loc":{"start":{"line":35,"column":57},"end":{"line":35,"column":74}},"type":"binary-expr","locations":[{"start":{"line":35,"column":57},"end":{"line":35,"column":72}},{"start":{"line":35,"column":72},"end":{"line":35,"column":74}}],"line":35},"9":{"loc":{"start":{"line":39,"column":4},"end":{"line":41,"column":null}},"type":"if","locations":[{"start":{"line":39,"column":4},"end":{"line":41,"column":null}},{"start":{},"end":{}}],"line":39},"10":{"loc":{"start":{"line":39,"column":8},"end":{"line":39,"column":44}},"type":"binary-expr","locations":[{"start":{"line":39,"column":8},"end":{"line":39,"column":21}},{"start":{"line":39,"column":21},"end":{"line":39,"column":44}}],"line":39},"11":{"loc":{"start":{"line":45,"column":16},"end":{"line":45,"column":30}},"type":"default-arg","locations":[{"start":{"line":45,"column":27},"end":{"line":45,"column":30}}],"line":45},"12":{"loc":{"start":{"line":47,"column":71},"end":{"line":47,"column":88}},"type":"binary-expr","locations":[{"start":{"line":47,"column":71},"end":{"line":47,"column":86}},{"start":{"line":47,"column":86},"end":{"line":47,"column":88}}],"line":47},"13":{"loc":{"start":{"line":55,"column":6},"end":{"line":57,"column":null}},"type":"cond-expr","locations":[{"start":{"line":56,"column":10},"end":{"line":56,"column":null}},{"start":{"line":57,"column":10},"end":{"line":57,"column":null}}],"line":55},"14":{"loc":{"start":{"line":59,"column":6},"end":{"line":68,"column":null}},"type":"if","locations":[{"start":{"line":59,"column":6},"end":{"line":68,"column":null}},{"start":{"line":64,"column":13},"end":{"line":68,"column":null}}],"line":59},"15":{"loc":{"start":{"line":59,"column":10},"end":{"line":59,"column":37}},"type":"binary-expr","locations":[{"start":{"line":59,"column":10},"end":{"line":59,"column":22}},{"start":{"line":59,"column":22},"end":{"line":59,"column":37}}],"line":59},"16":{"loc":{"start":{"line":70,"column":36},"end":{"line":70,"column":91}},"type":"binary-expr","locations":[{"start":{"line":70,"column":36},"end":{"line":70,"column":68}},{"start":{"line":70,"column":68},"end":{"line":70,"column":91}}],"line":70},"17":{"loc":{"start":{"line":74,"column":4},"end":{"line":74,"column":null}},"type":"if","locations":[{"start":{"line":74,"column":4},"end":{"line":74,"column":null}},{"start":{},"end":{}}],"line":74},"18":{"loc":{"start":{"line":74,"column":8},"end":{"line":74,"column":32}},"type":"binary-expr","locations":[{"start":{"line":74,"column":8},"end":{"line":74,"column":24}},{"start":{"line":74,"column":24},"end":{"line":74,"column":32}}],"line":74},"19":{"loc":{"start":{"line":79,"column":2},"end":{"line":91,"column":null}},"type":"if","locations":[{"start":{"line":79,"column":2},"end":{"line":91,"column":null}},{"start":{},"end":{}}],"line":79},"20":{"loc":{"start":{"line":85,"column":13},"end":{"line":85,"column":null}},"type":"cond-expr","locations":[{"start":{"line":85,"column":23},"end":{"line":85,"column":48}},{"start":{"line":85,"column":48},"end":{"line":85,"column":null}}],"line":85},"21":{"loc":{"start":{"line":100,"column":13},"end":{"line":100,"column":null}},"type":"cond-expr","locations":[{"start":{"line":100,"column":23},"end":{"line":100,"column":46}},{"start":{"line":100,"column":46},"end":{"line":100,"column":null}}],"line":100},"22":{"loc":{"start":{"line":110,"column":16},"end":{"line":110,"column":null}},"type":"cond-expr","locations":[{"start":{"line":110,"column":36},"end":{"line":110,"column":70}},{"start":{"line":110,"column":70},"end":{"line":110,"column":null}}],"line":110},"23":{"loc":{"start":{"line":112,"column":15},"end":{"line":112,"column":null}},"type":"cond-expr","locations":[{"start":{"line":112,"column":32},"end":{"line":112,"column":46}},{"start":{"line":112,"column":46},"end":{"line":112,"column":null}}],"line":112},"24":{"loc":{"start":{"line":112,"column":46},"end":{"line":112,"column":null}},"type":"cond-expr","locations":[{"start":{"line":112,"column":65},"end":{"line":112,"column":78}},{"start":{"line":112,"column":78},"end":{"line":112,"column":null}}],"line":112},"25":{"loc":{"start":{"line":112,"column":78},"end":{"line":112,"column":null}},"type":"cond-expr","locations":[{"start":{"line":112,"column":99},"end":{"line":112,"column":112}},{"start":{"line":112,"column":112},"end":{"line":112,"column":null}}],"line":112},"26":{"loc":{"start":{"line":117,"column":9},"end":{"line":117,"column":null}},"type":"binary-expr","locations":[{"start":{"line":117,"column":9},"end":{"line":117,"column":18}},{"start":{"line":117,"column":18},"end":{"line":117,"column":null}}],"line":117},"27":{"loc":{"start":{"line":119,"column":9},"end":{"line":159,"column":null}},"type":"binary-expr","locations":[{"start":{"line":119,"column":9},"end":{"line":119,"column":null}},{"start":{"line":120,"column":10},"end":{"line":159,"column":null}}],"line":119},"28":{"loc":{"start":{"line":138,"column":19},"end":{"line":138,"column":null}},"type":"binary-expr","locations":[{"start":{"line":138,"column":19},"end":{"line":138,"column":46}},{"start":{"line":138,"column":46},"end":{"line":138,"column":null}}],"line":138},"29":{"loc":{"start":{"line":152,"column":13},"end":{"line":157,"column":null}},"type":"binary-expr","locations":[{"start":{"line":152,"column":13},"end":{"line":152,"column":null}},{"start":{"line":153,"column":14},"end":{"line":157,"column":null}}],"line":152},"30":{"loc":{"start":{"line":162,"column":9},"end":{"line":163,"column":null}},"type":"binary-expr","locations":[{"start":{"line":162,"column":9},"end":{"line":162,"column":null}},{"start":{"line":163,"column":10},"end":{"line":163,"column":null}}],"line":162},"31":{"loc":{"start":{"line":163,"column":36},"end":{"line":163,"column":65}},"type":"binary-expr","locations":[{"start":{"line":163,"column":36},"end":{"line":163,"column":58}},{"start":{"line":163,"column":58},"end":{"line":163,"column":65}}],"line":163},"32":{"loc":{"start":{"line":166,"column":9},"end":{"line":204,"column":null}},"type":"binary-expr","locations":[{"start":{"line":166,"column":9},"end":{"line":166,"column":null}},{"start":{"line":167,"column":10},"end":{"line":204,"column":null}}],"line":166},"33":{"loc":{"start":{"line":168,"column":13},"end":{"line":202,"column":null}},"type":"cond-expr","locations":[{"start":{"line":169,"column":14},"end":{"line":171,"column":null}},{"start":{"line":173,"column":14},"end":{"line":202,"column":null}}],"line":168},"34":{"loc":{"start":{"line":175,"column":19},"end":{"line":176,"column":null}},"type":"binary-expr","locations":[{"start":{"line":175,"column":19},"end":{"line":175,"column":null}},{"start":{"line":176,"column":20},"end":{"line":176,"column":null}}],"line":175},"35":{"loc":{"start":{"line":187,"column":24},"end":{"line":187,"column":null}},"type":"if","locations":[{"start":{"line":187,"column":24},"end":{"line":187,"column":null}},{"start":{},"end":{}}],"line":187},"36":{"loc":{"start":{"line":192,"column":32},"end":{"line":192,"column":87}},"type":"binary-expr","locations":[{"start":{"line":192,"column":32},"end":{"line":192,"column":64}},{"start":{"line":192,"column":64},"end":{"line":192,"column":87}}],"line":192},"37":{"loc":{"start":{"line":207,"column":9},"end":{"line":216,"column":null}},"type":"binary-expr","locations":[{"start":{"line":207,"column":9},"end":{"line":207,"column":null}},{"start":{"line":208,"column":10},"end":{"line":216,"column":null}}],"line":207},"38":{"loc":{"start":{"line":209,"column":13},"end":{"line":214,"column":null}},"type":"cond-expr","locations":[{"start":{"line":210,"column":14},"end":{"line":212,"column":null}},{"start":{"line":214,"column":14},"end":{"line":214,"column":null}}],"line":209},"39":{"loc":{"start":{"line":221,"column":11},"end":{"line":225,"column":null}},"type":"binary-expr","locations":[{"start":{"line":221,"column":11},"end":{"line":221,"column":null}},{"start":{"line":222,"column":12},"end":{"line":225,"column":null}}],"line":221},"40":{"loc":{"start":{"line":224,"column":15},"end":{"line":224,"column":null}},"type":"cond-expr","locations":[{"start":{"line":224,"column":31},"end":{"line":224,"column":47}},{"start":{"line":224,"column":47},"end":{"line":224,"column":null}}],"line":224},"41":{"loc":{"start":{"line":224,"column":47},"end":{"line":224,"column":null}},"type":"cond-expr","locations":[{"start":{"line":224,"column":57},"end":{"line":224,"column":70}},{"start":{"line":224,"column":70},"end":{"line":224,"column":null}}],"line":224},"42":{"loc":{"start":{"line":230,"column":7},"end":{"line":239,"column":null}},"type":"binary-expr","locations":[{"start":{"line":230,"column":7},"end":{"line":230,"column":26}},{"start":{"line":230,"column":26},"end":{"line":230,"column":null}},{"start":{"line":231,"column":8},"end":{"line":239,"column":null}}],"line":230}},"s":{"0":8,"1":8,"2":8,"3":8,"4":8,"5":8,"6":8,"7":8,"8":8,"9":8,"10":8,"11":2,"12":2,"13":1,"14":8,"15":8,"16":2,"17":2,"18":8,"19":7,"20":0,"21":8,"22":0,"23":0,"24":8,"25":8,"26":8,"27":1,"28":1,"29":1,"30":1,"31":1,"32":0,"33":0,"34":0,"35":0,"36":0,"37":0,"38":0,"39":0,"40":8,"41":2,"42":1,"43":1,"44":1,"45":1,"46":8,"47":2,"48":6,"49":6,"50":24,"51":0,"52":1,"53":0,"54":0,"55":0,"56":1,"57":0,"58":0,"59":0,"60":0,"61":0,"62":0,"63":0,"64":0,"65":0,"66":0,"67":0,"68":0,"69":0,"70":0,"71":0,"72":0},"f":{"0":8,"1":2,"2":2,"3":2,"4":2,"5":7,"6":0,"7":0,"8":1,"9":1,"10":0,"11":0,"12":0,"13":2,"14":24,"15":0,"16":1,"17":0,"18":0,"19":0,"20":1,"21":0,"22":0,"23":0,"24":0,"25":0,"26":0,"27":0},"b":{"0":[8,8],"1":[8,8],"2":[8,8],"3":[8,8],"4":[8,8],"5":[8,8],"6":[1,1],"7":[8],"8":[2,0],"9":[0,7],"10":[7,7],"11":[8],"12":[0,0],"13":[0,1],"14":[1,0],"15":[1,1],"16":[0,0],"17":[1,1],"18":[2,1],"19":[2,6],"20":[0,2],"21":[0,6],"22":[6,18],"23":[6,18],"24":[6,12],"25":[6,6],"26":[8,1],"27":[8,6],"28":[6,6],"29":[6,6],"30":[8,0],"31":[0,0],"32":[8,0],"33":[0,0],"34":[0,0],"35":[0,0],"36":[0,0],"37":[8,0],"38":[0,0],"39":[8,6],"40":[1,5],"41":[0,5],"42":[8,0,0]},"meta":{"lastBranch":43,"lastFunction":28,"lastStatement":73,"seen":{"f:10:24:10:41":0,"s:19:8:19:Infinity":0,"s:20:22:20:Infinity":1,"b:20:35:20:52:20:52:20:54":0,"s:21:36:21:Infinity":2,"b:21:49:21:73:21:73:21:75":1,"s:22:30:22:Infinity":3,"b:22:43:22:66:22:66:22:68":2,"s:23:26:23:Infinity":4,"b:23:49:23:68:23:68:23:70":3,"s:24:24:24:Infinity":5,"b:24:37:24:67:24:67:24:69":4,"s:25:24:25:Infinity":6,"b:25:37:25:76:25:76:25:79":5,"s:26:24:26:Infinity":7,"s:27:22:27:Infinity":8,"s:28:8:28:Infinity":9,"s:29:2:29:Infinity":10,"f:29:12:29:18":1,"s:29:18:29:83":11,"f:29:18:29:24":2,"b:29:26:29:80:undefined:undefined:undefined:undefined":6,"s:29:26:29:80":12,"s:29:48:29:80":13,"s:30:32:30:Infinity":14,"s:33:32:36:Infinity":15,"b:33:29:33:32":7,"f:35:13:35:19":3,"s:35:19:35:Infinity":16,"f:35:52:35:57":4,"s:35:57:35:74":17,"b:35:57:35:72:35:72:35:74":8,"s:38:2:42:Infinity":18,"f:38:12:38:18":5,"b:39:4:41:Infinity:undefined:undefined:undefined:undefined":9,"s:39:4:41:Infinity":19,"b:39:8:39:21:39:21:39:44":10,"s:40:6:40:Infinity":20,"s:45:30:49:Infinity":21,"b:45:27:45:30":11,"f:47:13:47:19":6,"s:47:19:47:Infinity":22,"f:47:66:47:71":7,"s:47:71:47:88":23,"b:47:71:47:86:47:86:47:88":12,"s:50:36:50:Infinity":24,"s:51:44:51:Infinity":25,"s:53:8:71:Infinity":26,"f:54:16:54:17":8,"s:55:6:57:Infinity":27,"b:56:10:56:Infinity:57:10:57:Infinity":13,"f:58:15:58:16":9,"b:59:6:68:Infinity:64:13:68:Infinity":14,"s:59:6:68:Infinity":28,"b:59:10:59:22:59:22:59:37":15,"s:61:8:61:Infinity":29,"s:62:8:62:Infinity":30,"s:63:8:63:Infinity":31,"f:63:38:63:44":10,"s:63:46:63:59":32,"s:63:59:63:70":33,"s:65:8:65:Infinity":34,"s:66:8:66:Infinity":35,"s:67:8:67:Infinity":36,"f:67:38:67:44":11,"s:67:46:67:59":37,"s:67:59:67:70":38,"f:70:13:70:14":12,"s:70:27:70:Infinity":39,"b:70:36:70:68:70:68:70:91":16,"s:73:25:77:Infinity":40,"f:73:25:73:31":13,"b:74:4:74:Infinity:undefined:undefined:undefined:undefined":17,"s:74:4:74:Infinity":41,"b:74:8:74:24:74:24:74:32":18,"s:74:34:74:82":42,"s:74:82:74:90":43,"s:75:4:75:Infinity":44,"s:76:4:76:Infinity":45,"b:79:2:91:Infinity:undefined:undefined:undefined:undefined":19,"s:79:2:91:Infinity":46,"s:80:4:89:Infinity":47,"b:85:23:85:48:85:48:85:Infinity":20,"s:93:16:93:Infinity":48,"s:95:2:241:Infinity":49,"b:100:23:100:46:100:46:100:Infinity":21,"f:107:70:107:Infinity":14,"s:108:12:113:Infinity":50,"f:108:39:108:45":15,"s:108:45:108:Infinity":51,"b:110:36:110:70:110:70:110:Infinity":22,"b:112:32:112:46:112:46:112:Infinity":23,"b:112:65:112:78:112:78:112:Infinity":24,"b:112:99:112:112:112:112:112:Infinity":25,"b:117:9:117:18:117:18:117:Infinity":26,"b:119:9:119:Infinity:120:10:159:Infinity":27,"f:123:56:123:61":16,"s:123:61:123:Infinity":52,"f:129:54:129:59":17,"s:129:59:129:91":53,"f:136:51:136:56":18,"s:136:56:136:Infinity":54,"b:138:19:138:46:138:46:138:Infinity":28,"f:139:34:139:Infinity":19,"s:140:20:142:Infinity":55,"f:148:61:148:66":20,"s:148:66:148:92":56,"b:152:13:152:Infinity:153:14:157:Infinity":29,"f:155:61:155:66":21,"s:155:66:155:92":57,"b:162:9:162:Infinity:163:10:163:Infinity":30,"b:163:36:163:58:163:58:163:65":31,"b:166:9:166:Infinity:167:10:204:Infinity":32,"b:169:14:171:Infinity:173:14:202:Infinity":33,"b:175:19:175:Infinity:176:20:176:Infinity":34,"f:178:32:178:Infinity":22,"s:179:20:195:Infinity":58,"f:184:39:184:45":23,"s:184:47:184:66":59,"s:184:66:184:92":60,"f:186:39:186:51":24,"b:187:24:187:Infinity:undefined:undefined:undefined:undefined":35,"s:187:24:187:Infinity":61,"s:187:74:187:Infinity":62,"s:188:24:193:Infinity":63,"s:189:26:189:Infinity":64,"s:190:26:190:Infinity":65,"s:192:26:192:Infinity":66,"b:192:32:192:64:192:64:192:87":36,"f:198:33:198:39":25,"s:198:41:198:68":67,"s:198:68:198:94":68,"b:207:9:207:Infinity:208:10:216:Infinity":37,"b:210:14:212:Infinity:214:14:214:Infinity":38,"b:221:11:221:Infinity:222:12:225:Infinity":39,"b:224:31:224:47:224:47:224:Infinity":40,"b:224:57:224:70:224:70:224:Infinity":41,"b:230:7:230:26:230:26:230:Infinity:231:8:239:Infinity":42,"f:234:19:234:25":26,"s:234:27:234:54":69,"s:234:54:234:81":70,"f:235:21:235:27":27,"s:236:12:236:Infinity":71,"s:237:12:237:Infinity":72},"fnNames":{}}}
,"D:\\dev\\cc113\\stealing-from-paradise\\frontend\\apps\\seller\\src\\components\\ProductManagement\\VariantModal.tsx": {"path":"D:\\dev\\cc113\\stealing-from-paradise\\frontend\\apps\\seller\\src\\components\\ProductManagement\\VariantModal.tsx","statementMap":{"0":{"start":{"line":16,"column":20},"end":{"line":16,"column":null}},"1":{"start":{"line":17,"column":22},"end":{"line":17,"column":null}},"2":{"start":{"line":18,"column":24},"end":{"line":18,"column":null}},"3":{"start":{"line":19,"column":24},"end":{"line":19,"column":null}},"4":{"start":{"line":20,"column":24},"end":{"line":20,"column":null}},"5":{"start":{"line":21,"column":22},"end":{"line":21,"column":null}},"6":{"start":{"line":22,"column":8},"end":{"line":22,"column":null}},"7":{"start":{"line":23,"column":2},"end":{"line":23,"column":null}},"8":{"start":{"line":23,"column":18},"end":{"line":23,"column":83}},"9":{"start":{"line":23,"column":26},"end":{"line":23,"column":80}},"10":{"start":{"line":23,"column":48},"end":{"line":23,"column":80}},"11":{"start":{"line":25,"column":8},"end":{"line":34,"column":null}},"12":{"start":{"line":27,"column":19},"end":{"line":27,"column":null}},"13":{"start":{"line":28,"column":6},"end":{"line":30,"column":null}},"14":{"start":{"line":32,"column":23},"end":{"line":32,"column":38}},"15":{"start":{"line":32,"column":38},"end":{"line":32,"column":110}},"16":{"start":{"line":32,"column":76},"end":{"line":32,"column":89}},"17":{"start":{"line":32,"column":89},"end":{"line":32,"column":100}},"18":{"start":{"line":33,"column":27},"end":{"line":33,"column":null}},"19":{"start":{"line":36,"column":2},"end":{"line":47,"column":null}},"20":{"start":{"line":37,"column":4},"end":{"line":45,"column":null}},"21":{"start":{"line":49,"column":2},"end":{"line":92,"column":null}},"22":{"start":{"line":59,"column":58},"end":{"line":59,"column":82}},"23":{"start":{"line":64,"column":59},"end":{"line":64,"column":84}},"24":{"start":{"line":70,"column":64},"end":{"line":70,"column":90}},"25":{"start":{"line":75,"column":64},"end":{"line":75,"column":90}},"26":{"start":{"line":83,"column":12},"end":{"line":83,"column":null}},"27":{"start":{"line":83,"column":57},"end":{"line":83,"column":102}},"28":{"start":{"line":83,"column":102},"end":{"line":83,"column":110}},"29":{"start":{"line":84,"column":12},"end":{"line":84,"column":null}},"30":{"start":{"line":85,"column":12},"end":{"line":85,"column":null}}},"fnMap":{"0":{"name":"VariantModal","decl":{"start":{"line":5,"column":24},"end":{"line":5,"column":37}},"loc":{"start":{"line":15,"column":3},"end":{"line":94,"column":null}},"line":15},"1":{"name":"(anonymous_1)","decl":{"start":{"line":23,"column":12},"end":{"line":23,"column":18}},"loc":{"start":{"line":23,"column":18},"end":{"line":23,"column":83}},"line":23},"2":{"name":"(anonymous_2)","decl":{"start":{"line":23,"column":18},"end":{"line":23,"column":24}},"loc":{"start":{"line":23,"column":24},"end":{"line":23,"column":83}},"line":23},"3":{"name":"(anonymous_3)","decl":{"start":{"line":26,"column":16},"end":{"line":26,"column":22}},"loc":{"start":{"line":26,"column":22},"end":{"line":31,"column":null}},"line":26},"4":{"name":"(anonymous_4)","decl":{"start":{"line":32,"column":15},"end":{"line":32,"column":21}},"loc":{"start":{"line":32,"column":21},"end":{"line":32,"column":null}},"line":32},"5":{"name":"(anonymous_5)","decl":{"start":{"line":32,"column":68},"end":{"line":32,"column":74}},"loc":{"start":{"line":32,"column":74},"end":{"line":32,"column":103}},"line":32},"6":{"name":"(anonymous_6)","decl":{"start":{"line":33,"column":13},"end":{"line":33,"column":14}},"loc":{"start":{"line":33,"column":27},"end":{"line":33,"column":null}},"line":33},"7":{"name":"(anonymous_7)","decl":{"start":{"line":59,"column":53},"end":{"line":59,"column":58}},"loc":{"start":{"line":59,"column":58},"end":{"line":59,"column":82}},"line":59},"8":{"name":"(anonymous_8)","decl":{"start":{"line":64,"column":54},"end":{"line":64,"column":59}},"loc":{"start":{"line":64,"column":59},"end":{"line":64,"column":84}},"line":64},"9":{"name":"(anonymous_9)","decl":{"start":{"line":70,"column":59},"end":{"line":70,"column":64}},"loc":{"start":{"line":70,"column":64},"end":{"line":70,"column":90}},"line":70},"10":{"name":"(anonymous_10)","decl":{"start":{"line":75,"column":59},"end":{"line":75,"column":64}},"loc":{"start":{"line":75,"column":64},"end":{"line":75,"column":90}},"line":75},"11":{"name":"(anonymous_11)","decl":{"start":{"line":82,"column":27},"end":{"line":82,"column":33}},"loc":{"start":{"line":82,"column":33},"end":{"line":86,"column":13}},"line":82}},"branchMap":{"0":{"loc":{"start":{"line":16,"column":33},"end":{"line":16,"column":55}},"type":"binary-expr","locations":[{"start":{"line":16,"column":33},"end":{"line":16,"column":53}},{"start":{"line":16,"column":53},"end":{"line":16,"column":55}}],"line":16},"1":{"loc":{"start":{"line":17,"column":35},"end":{"line":17,"column":61}},"type":"binary-expr","locations":[{"start":{"line":17,"column":35},"end":{"line":17,"column":59}},{"start":{"line":17,"column":59},"end":{"line":17,"column":61}}],"line":17},"2":{"loc":{"start":{"line":18,"column":37},"end":{"line":18,"column":69}},"type":"binary-expr","locations":[{"start":{"line":18,"column":37},"end":{"line":18,"column":67}},{"start":{"line":18,"column":67},"end":{"line":18,"column":69}}],"line":18},"3":{"loc":{"start":{"line":19,"column":37},"end":{"line":19,"column":70}},"type":"binary-expr","locations":[{"start":{"line":19,"column":37},"end":{"line":19,"column":67}},{"start":{"line":19,"column":67},"end":{"line":19,"column":70}}],"line":19},"4":{"loc":{"start":{"line":23,"column":26},"end":{"line":23,"column":80}},"type":"if","locations":[{"start":{"line":23,"column":26},"end":{"line":23,"column":80}},{"start":{},"end":{}}],"line":23},"5":{"loc":{"start":{"line":28,"column":13},"end":{"line":30,"column":null}},"type":"cond-expr","locations":[{"start":{"line":29,"column":10},"end":{"line":29,"column":null}},{"start":{"line":30,"column":10},"end":{"line":30,"column":null}}],"line":28},"6":{"loc":{"start":{"line":33,"column":36},"end":{"line":33,"column":91}},"type":"binary-expr","locations":[{"start":{"line":33,"column":36},"end":{"line":33,"column":68}},{"start":{"line":33,"column":68},"end":{"line":33,"column":91}}],"line":33},"7":{"loc":{"start":{"line":36,"column":2},"end":{"line":47,"column":null}},"type":"if","locations":[{"start":{"line":36,"column":2},"end":{"line":47,"column":null}},{"start":{},"end":{}}],"line":36},"8":{"loc":{"start":{"line":42,"column":13},"end":{"line":42,"column":null}},"type":"cond-expr","locations":[{"start":{"line":42,"column":23},"end":{"line":42,"column":48}},{"start":{"line":42,"column":48},"end":{"line":42,"column":null}}],"line":42},"9":{"loc":{"start":{"line":53,"column":11},"end":{"line":53,"column":null}},"type":"cond-expr","locations":[{"start":{"line":53,"column":21},"end":{"line":53,"column":44}},{"start":{"line":53,"column":44},"end":{"line":53,"column":null}}],"line":53},"10":{"loc":{"start":{"line":55,"column":9},"end":{"line":55,"column":null}},"type":"binary-expr","locations":[{"start":{"line":55,"column":9},"end":{"line":55,"column":18}},{"start":{"line":55,"column":18},"end":{"line":55,"column":null}}],"line":55},"11":{"loc":{"start":{"line":83,"column":12},"end":{"line":83,"column":null}},"type":"if","locations":[{"start":{"line":83,"column":12},"end":{"line":83,"column":null}},{"start":{},"end":{}}],"line":83},"12":{"loc":{"start":{"line":83,"column":16},"end":{"line":83,"column":55}},"type":"binary-expr","locations":[{"start":{"line":83,"column":16},"end":{"line":83,"column":31}},{"start":{"line":83,"column":31},"end":{"line":83,"column":47}},{"start":{"line":83,"column":47},"end":{"line":83,"column":55}}],"line":83},"13":{"loc":{"start":{"line":88,"column":13},"end":{"line":88,"column":null}},"type":"cond-expr","locations":[{"start":{"line":88,"column":29},"end":{"line":88,"column":45}},{"start":{"line":88,"column":45},"end":{"line":88,"column":null}}],"line":88}},"s":{"0":9,"1":9,"2":9,"3":9,"4":9,"5":9,"6":9,"7":9,"8":2,"9":2,"10":1,"11":9,"12":1,"13":1,"14":1,"15":1,"16":0,"17":0,"18":0,"19":9,"20":2,"21":7,"22":1,"23":1,"24":1,"25":0,"26":2,"27":1,"28":1,"29":1,"30":1},"f":{"0":9,"1":2,"2":2,"3":1,"4":1,"5":0,"6":0,"7":1,"8":1,"9":1,"10":0,"11":2},"b":{"0":[9,9],"1":[9,9],"2":[9,9],"3":[9,9],"4":[1,1],"5":[0,1],"6":[0,0],"7":[2,7],"8":[0,2],"9":[0,7],"10":[9,1],"11":[1,1],"12":[2,1,1],"13":[1,6]},"meta":{"lastBranch":14,"lastFunction":12,"lastStatement":31,"seen":{"f:5:24:5:37":0,"s:16:20:16:Infinity":0,"b:16:33:16:53:16:53:16:55":0,"s:17:22:17:Infinity":1,"b:17:35:17:59:17:59:17:61":1,"s:18:24:18:Infinity":2,"b:18:37:18:67:18:67:18:69":2,"s:19:24:19:Infinity":3,"b:19:37:19:67:19:67:19:70":3,"s:20:24:20:Infinity":4,"s:21:22:21:Infinity":5,"s:22:8:22:Infinity":6,"s:23:2:23:Infinity":7,"f:23:12:23:18":1,"s:23:18:23:83":8,"f:23:18:23:24":2,"b:23:26:23:80:undefined:undefined:undefined:undefined":4,"s:23:26:23:80":9,"s:23:48:23:80":10,"s:25:8:34:Infinity":11,"f:26:16:26:22":3,"s:27:19:27:Infinity":12,"s:28:6:30:Infinity":13,"b:29:10:29:Infinity:30:10:30:Infinity":5,"f:32:15:32:21":4,"s:32:23:32:38":14,"s:32:38:32:110":15,"f:32:68:32:74":5,"s:32:76:32:89":16,"s:32:89:32:100":17,"f:33:13:33
[...]
14},"end":{"line":124,"column":null}},"type":"cond-expr","locations":[{"start":{"line":123,"column":16},"end":{"line":123,"column":null}},{"start":{"line":124,"column":16},"end":{"line":124,"column":null}}],"line":122},"17":{"loc":{"start":{"line":126,"column":9},"end":{"line":163,"column":null}},"type":"cond-expr","locations":[{"start":{"line":127,"column":10},"end":{"line":133,"column":null}},{"start":{"line":134,"column":12},"end":{"line":163,"column":null}}],"line":126},"18":{"loc":{"start":{"line":134,"column":12},"end":{"line":163,"column":null}},"type":"cond-expr","locations":[{"start":{"line":135,"column":10},"end":{"line":143,"column":null}},{"start":{"line":144,"column":12},"end":{"line":163,"column":null}}],"line":134},"19":{"loc":{"start":{"line":144,"column":12},"end":{"line":163,"column":null}},"type":"cond-expr","locations":[{"start":{"line":145,"column":10},"end":{"line":153,"column":null}},{"start":{"line":155,"column":10},"end":{"line":163,"column":null}}],"line":144},"20":{"loc":{"start":{"line":160,"column":46},"end":{"line":160,"column":113}},"type":"cond-expr","locations":[{"start":{"line":160,"column":80},"end":{"line":160,"column":98}},{"start":{"line":160,"column":98},"end":{"line":160,"column":113}}],"line":160},"21":{"loc":{"start":{"line":167,"column":7},"end":{"line":174,"column":null}},"type":"binary-expr","locations":[{"start":{"line":167,"column":7},"end":{"line":167,"column":33}},{"start":{"line":167,"column":33},"end":{"line":167,"column":null}},{"start":{"line":168,"column":8},"end":{"line":174,"column":null}}],"line":167},"22":{"loc":{"start":{"line":178,"column":7},"end":{"line":204,"column":null}},"type":"binary-expr","locations":[{"start":{"line":178,"column":7},"end":{"line":178,"column":null}},{"start":{"line":179,"column":8},"end":{"line":204,"column":null}}],"line":178},"23":{"loc":{"start":{"line":186,"column":13},"end":{"line":194,"column":null}},"type":"binary-expr","locations":[{"start":{"line":186,"column":13},"end":{"line":186,"column":null}},{"start":{"line":187,"column":14},"end":{"line":194,"column":null}}],"line":186},"24":{"loc":{"start":{"line":201,"column":15},"end":{"line":201,"column":null}},"type":"cond-expr","locations":[{"start":{"line":201,"column":38},"end":{"line":201,"column":54}},{"start":{"line":201,"column":54},"end":{"line":201,"column":null}}],"line":201},"25":{"loc":{"start":{"line":207,"column":7},"end":{"line":219,"column":null}},"type":"binary-expr","locations":[{"start":{"line":207,"column":7},"end":{"line":207,"column":null}},{"start":{"line":208,"column":8},"end":{"line":219,"column":null}}],"line":207},"26":{"loc":{"start":{"line":213,"column":15},"end":{"line":214,"column":null}},"type":"binary-expr","locations":[{"start":{"line":213,"column":15},"end":{"line":213,"column":null}},{"start":{"line":214,"column":16},"end":{"line":214,"column":null}}],"line":213},"27":{"loc":{"start":{"line":219,"column":8},"end":{"line":251,"column":null}},"type":"binary-expr","locations":[{"start":{"line":223,"column":8},"end":{"line":223,"column":24}},{"start":{"line":223,"column":24},"end":{"line":223,"column":37}},{"start":{"line":223,"column":37},"end":{"line":223,"column":null}},{"start":{"line":224,"column":8},"end":{"line":251,"column":null}}],"line":219},"28":{"loc":{"start":{"line":227,"column":13},"end":{"line":227,"column":null}},"type":"cond-expr","locations":[{"start":{"line":227,"column":24},"end":{"line":227,"column":57}},{"start":{"line":227,"column":57},"end":{"line":227,"column":null}}],"line":227},"29":{"loc":{"start":{"line":229,"column":11},"end":{"line":249,"column":null}},"type":"cond-expr","locations":[{"start":{"line":230,"column":12},"end":{"line":247,"column":null}},{"start":{"line":249,"column":12},"end":{"line":249,"column":null}}],"line":229},"30":{"loc":{"start":{"line":238,"column":20},"end":{"line":238,"column":null}},"type":"cond-expr","locations":[{"start":{"line":238,"column":32},"end":{"line":238,"column":64}},{"start":{"line":238,"column":64},"end":{"line":238,"column":null}}],"line":238},"31":{"loc":{"start":{"line":240,"column":21},"end":{"line":240,"column":null}},"type":"cond-expr","locations":[{"start":{"line":240,"column":33},"end":{"line":240,"column":39}},{"start":{"line":240,"column":39},"end":{"line":240,"column":null}}],"line":240},"32":{"loc":{"start":{"line":242,"column":35},"end":{"line":242,"column":null}},"type":"cond-expr","locations":[{"start":{"line":242,"column":47},"end":{"line":242,"column":66}},{"start":{"line":242,"column":66},"end":{"line":242,"column":null}}],"line":242},"33":{"loc":{"start":{"line":263,"column":10},"end":{"line":266,"column":null}},"type":"if","locations":[{"start":{"line":263,"column":10},"end":{"line":266,"column":null}},{"start":{"line":263,"column":70},"end":{"line":266,"column":null}}],"line":263},"34":{"loc":{"start":{"line":263,"column":38},"end":{"line":263,"column":null}},"type":"cond-expr","locations":[{"start":{"line":263,"column":59},"end":{"line":263,"column":70}},{"start":{"line":263,"column":70},"end":{"line":263,"column":null}}],"line":263},"35":{"loc":{"start":{"line":263,"column":70},"end":{"line":266,"column":null}},"type":"if","locations":[{"start":{"line":263,"column":70},"end":{"line":266,"column":null}},{"start":{"line":264,"column":133},"end":{"line":266,"column":null}}],"line":263},"36":{"loc":{"start":{"line":264,"column":64},"end":{"line":264,"column":null}},"type":"cond-expr","locations":[{"start":{"line":264,"column":84},"end":{"line":264,"column":98}},{"start":{"line":264,"column":98},"end":{"line":264,"column":null}}],"line":264},"37":{"loc":{"start":{"line":264,"column":98},"end":{"line":264,"column":null}},"type":"cond-expr","locations":[{"start":{"line":264,"column":122},"end":{"line":264,"column":133}},{"start":{"line":264,"column":133},"end":{"line":264,"column":null}}],"line":264},"38":{"loc":{"start":{"line":264,"column":133},"end":{"line":266,"column":null}},"type":"if","locations":[{"start":{"line":264,"column":133},"end":{"line":266,"column":null}},{"start":{"line":265,"column":91},"end":{"line":266,"column":null}}],"line":264},"39":{"loc":{"start":{"line":265,"column":60},"end":{"line":265,"column":null}},"type":"cond-expr","locations":[{"start":{"line":265,"column":80},"end":{"line":265,"column":91}},{"start":{"line":265,"column":91},"end":{"line":265,"column":null}}],"line":265},"40":{"loc":{"start":{"line":265,"column":91},"end":{"line":266,"column":null}},"type":"if","locations":[{"start":{"line":265,"column":91},"end":{"line":266,"column":null}},{"start":{},"end":{}}],"line":265},"41":{"loc":{"start":{"line":270,"column":14},"end":{"line":272,"column":null}},"type":"cond-expr","locations":[{"start":{"line":270,"column":42},"end":{"line":270,"column":null}},{"start":{"line":271,"column":14},"end":{"line":272,"column":null}}],"line":270},"42":{"loc":{"start":{"line":271,"column":14},"end":{"line":272,"column":null}},"type":"cond-expr","locations":[{"start":{"line":271,"column":39},"end":{"line":271,"column":null}},{"start":{"line":272,"column":14},"end":{"line":272,"column":null}}],"line":271},"43":{"loc":{"start":{"line":275,"column":16},"end":{"line":277,"column":null}},"type":"cond-expr","locations":[{"start":{"line":275,"column":44},"end":{"line":275,"column":null}},{"start":{"line":276,"column":16},"end":{"line":277,"column":null}}],"line":275},"44":{"loc":{"start":{"line":276,"column":16},"end":{"line":277,"column":null}},"type":"cond-expr","locations":[{"start":{"line":276,"column":41},"end":{"line":276,"column":null}},{"start":{"line":277,"column":16},"end":{"line":277,"column":null}}],"line":276},"45":{"loc":{"start":{"line":279,"column":17},"end":{"line":279,"column":null}},"type":"cond-expr","locations":[{"start":{"line":279,"column":45},"end":{"line":279,"column":51}},{"start":{"line":279,"column":51},"end":{"line":279,"column":null}}],"line":279},"46":{"loc":{"start":{"line":283,"column":18},"end":{"line":285,"column":null}},"type":"cond-expr","locations":[{"start":{"line":283,"column":46},"end":{"line":283,"column":null}},{"start":{"line":284,"column":18},"end":{"line":285,"column":null}}],"line":283},"47":{"loc":{"start":{"line":284,"column":18},"end":{"line":285,"column":null}},"type":"cond-expr","locations":[{"start":{"line":284,"column":43},"end":{"line":284,"column":null}},{"start":{"line":285,"column":18},"end":{"line":285,"column":null}}],"line":284},"48":{"loc":{"start":{"line":289,"column":15},"end":{"line":290,"column":null}},"type":"binary-expr","locations":[{"start":{"line":289,"column":15},"end":{"line":289,"column":null}},{"start":{"line":290,"column":16},"end":{"line":290,"column":null}}],"line":289},"49":{"loc":{"start":{"line":299,"column":9},"end":{"line":386,"column":null}},"type":"cond-expr","locations":[{"start":{"line":300,"column":10},"end":{"line":324,"column":null}},{"start":{"line":326,"column":10},"end":{"line":386,"column":null}}],"line":299},"50":{"loc":{"start":{"line":310,"column":15},"end":{"line":318,"column":null}},"type":"binary-expr","locations":[{"start":{"line":310,"column":15},"end":{"line":310,"column":null}},{"start":{"line":311,"column":16},"end":{"line":318,"column":null}}],"line":310},"51":{"loc":{"start":{"line":328,"column":15},"end":{"line":328,"column":null}},"type":"cond-expr","locations":[{"start":{"line":328,"column":26},"end":{"line":328,"column":59}},{"start":{"line":328,"column":59},"end":{"line":328,"column":null}}],"line":328},"52":{"loc":{"start":{"line":328,"column":59},"end":{"line":328,"column":null}},"type":"cond-expr","locations":[{"start":{"line":328,"column":74},"end":{"line":328,"column":107}},{"start":{"line":328,"column":107},"end":{"line":328,"column":null}}],"line":328},"53":{"loc":{"start":{"line":331,"column":15},"end":{"line":335,"column":null}},"type":"cond-expr","locations":[{"start":{"line":332,"column":18},"end":{"line":332,"column":null}},{"start":{"line":333,"column":18},"end":{"line":335,"column":null}}],"line":331},"54":{"loc":{"start":{"line":333,"column":18},"end":{"line":335,"column":null}},"type":"cond-expr","locations":[{"start":{"line":334,"column":20},"end":{"line":334,"column":null}},{"start":{"line":335,"column":20},"end":{"line":335,"column":null}}],"line":333},"55":{"loc":{"start":{"line":340,"column":13},"end":{"line":353,"column":null}},"type":"binary-expr","locations":[{"start":{"line":340,"column":13},"end":{"line":340,"column":null}},{"start":{"line":341,"column":14},"end":{"line":353,"column":null}}],"line":340},"56":{"loc":{"start":{"line":342,"column":17},"end":{"line":350,"column":null}},"type":"binary-expr","locations":[{"start":{"line":342,"column":17},"end":{"line":342,"column":null}},{"start":{"line":343,"column":18},"end":{"line":350,"column":null}}],"line":342},"57":{"loc":{"start":{"line":359,"column":26},"end":{"line":359,"column":null}},"type":"binary-expr","locations":[{"start":{"line":359,"column":26},"end":{"line":359,"column":48}},{"start":{"line":359,"column":48},"end":{"line":359,"column":null}}],"line":359},"58":{"loc":{"start":{"line":362,"column":17},"end":{"line":368,"column":null}},"type":"cond-expr","locations":[{"start":{"line":363,"column":20},"end":{"line":363,"column":null}},{"start":{"line":364,"column":20},"end":{"line":368,"column":null}}],"line":362},"59":{"loc":{"start":{"line":364,"column":20},"end":{"line":368,"column":null}},"type":"cond-expr","locations":[{"start":{"line":365,"column":22},"end":{"line":365,"column":null}},{"start":{"line":366,"column":22},"end":{"line":368,"column":null}}],"line":364},"60":{"loc":{"start":{"line":366,"column":22},"end":{"line":368,"column":null}},"type":"cond-expr","locations":[{"start":{"line":367,"column":24},"end":{"line":367,"column":null}},{"start":{"line":368,"column":24},"end":{"line":368,"column":null}}],"line":366},"61":{"loc":{"start":{"line":369,"column":14},"end":{"line":377,"column":null}},"type":"binary-expr","locations":[{"start":{"line":370,"column":16},"end":{"line":370,"column":31}},{"start":{"line":370,"column":31},"end":{"line":370,"column":47}},{"start":{"line":370,"column":47},"end":{"line":370,"column":null}},{"start":{"line":371,"column":16},"end":{"line":377,"column":null}}],"line":369},"62":{"loc":{"start":{"line":373,"column":28},"end":{"line":373,"column":null}},"type":"binary-expr","locations":[{"start":{"line":373,"column":28},"end":{"line":373,"column":50}},{"start":{"line":373,"column":50},"end":{"line":373,"column":null}}],"line":373},"63":{"loc":{"start":{"line":376,"column":19},"end":{"line":376,"column":null}},"type":"cond-expr","locations":[{"start":{"line":376,"column":42},"end":{"line":376,"column":65}},{"start":{"line":376,"column":65},"end":{"line":376,"column":null}}],"line":376},"64":{"loc":{"start":{"line":376,"column":65},"end":{"line":376,"column":null}},"type":"cond-expr","locations":[{"start":{"line":376,"column":76},"end":{"line":376,"column":106}},{"start":{"line":376,"column":106},"end":{"line":376,"column":null}}],"line":376},"65":{"loc":{"start":{"line":382,"column":15},"end":{"line":383,"column":null}},"type":"binary-expr","locations":[{"start":{"line":382,"column":15},"end":{"line":382,"column":35}},{"start":{"line":382,"column":35},"end":{"line":382,"column":52}},{"start":{"line":382,"column":52},"end":{"line":382,"column":null}},{"start":{"line":383,"column":16},"end":{"line":383,"column":null}}],"line":382}},"s":{"0":54,"1":37,"2":17,"3":16,"4":1,"5":2,"6":2,"7":6,"8":13,"9":13,"10":13,"11":13,"12":13,"13":13,"14":7,"15":7,"16":41,"17":41,"18":41,"19":2,"20":39,"21":13,"22":0,"23":0,"24":0,"25":0,"26":0,"27":0,"28":13,"29":1,"30":1,"31":1,"32":0,"33":0,"34":13,"35":8,"36":1,"37":1,"38":1,"39":1,"40":13,"41":13,"42":13,"43":13,"44":13,"45":13,"46":13,"47":13,"48":13,"49":0,"50":0,"51":3,"52":52,"53":52,"54":4,"55":48,"56":12,"57":36,"58":32,"59":4,"60":4,"61":52,"62":0,"63":0},"f":{"0":54,"1":2,"2":6,"3":13,"4":7,"5":7,"6":41,"7":0,"8":0,"9":0,"10":1,"11":1,"12":0,"13":8,"14":0,"15":0,"16":3,"17":52,"18":0,"19":0},"b":{"0":[37,17],"1":[16,1],"2":[17,14,4],"3":[1,5],"4":[1,5],"5":[1,5],"6":[2,39],"7":[5,34],"8":[0,0],"9":[0,1],"10":[1,7],"11":[8,1],"12":[13,3],"13":[13,8],"14":[1,12],"15":[1,11],"16":[1,10],"17":[1,12],"18":[1,11],"19":[1,10],"20":[2,8],"21":[13,1,1],"22":[13,1],"23":[1,1],"24":[0,1],"25":[13,0],"26":[0,0],"27":[13,11,3,3],"28":[1,2],"29":[1,2],"30":[1,2],"31":[1,2],"32":[1,2],"33":[4,48],"34":[2,2],"35":[12,36],"36":[3,9],"37":[3,6],"38":[32,4],"39":[8,24],"40":[4,0],"41":[5,47],"42":[17,30],"43":[5,47],"44":[17,30],"45":[5,47],"46":[5,47],"47":[17,30],"48":[52,5],"49":[1,12],"50":[1,0],"51":[1,11],"52":[2,9],"53":[1,11],"54":[2,9],"55":[12,2],"56":[2,0],"57":[12,12],"58":[0,12],"59":[1,11],"60":[2,9],"61":[12,11,9,4],"62":[4,4],"63":[0,4],"64":[1,3],"65":[12,0,0,0]},"meta":{"lastBranch":66,"lastFunction":20,"lastStatement":64,"seen":{"f:9:9:9:25":0,"b:10:2:10:Infinity:undefined:undefined:undefined:undefined":0,"s:10:2:10:Infinity":0,"s:10:12:10:Infinity":1,"b:11:2:11:Infinity:undefined:undefined:undefined:undefined":1,"s:11:2:11:Infinity":2,"b:11:6:11:28:11:28:11:53:11:53:11:74":2,"s:11:74:11:Infinity":3,"s:12:2:12:Infinity":4,"f:15:9:15:31":1,"s:16:16:20:Infinity":5,"s:22:2:36:Infinity":6,"f:24:17:24:Infinity":2,"s:25:8:34:Infinity":7,"b:27:24:27:56:27:56:27:Infinity":3,"b:29:25:29:31:29:31:29:Infinity":4,"b:31:39:31:58:31:58:31:Infinity":5,"f:40:24:40:47":3,"s:41:8:41:Infinity":8,"s:42:38:42:Infinity":9,"s:43:24:43:Infinity":10,"s:45:33:45:Infinity":11,"s:46:33:46:Infinity":12,"s:48:23:59:Infinity":13,"f:50:13:50:19":4,"s:50:19:50:Infinity":14,"f:50:52:50:57":5,"s:50:57:50:68":15,"f:52:21:52:22":6,"s:53:24:53:Infinity":16,"s:54:16:54:Infinity":17,"b:55:6:55:Infinity:undefined:undefined:undefined:undefined":6,"s:55:6:55:Infinity":18,"s:55:28:55:Infinity":19,"s:56:6:56:Infinity":20,"b:56:38:56:45:56:45:56:Infinity":7,"s:61:8:73:Infinity":21,"f:62:16:62:22":7,"s:62:22:62:Infinity":22,"f:63:15:63:16":8,"s:64:18:64:Infinity":23,"b:65:6:68:Infinity:undefined:undefined:undefined:undefined":8,"s:65:6:68:Infinity":24,"s:66:8:66:Infinity":25,"s:67:8:67:Infinity":26,"f:70:13:70:14":9,"s:71:6:71:Infinity":27,"s:75:8:86:Infinity":28,"f:76:16:76:22":10,"s:76:22:76:Infinity":29,"f:77:15:77:16":11,"s:78:18:78:Infinity":30,"b:79:6:81:Infinity:undefined:undefined:undefined:undefined":9,"s:79:6:81:Infinity":31,"s:80:8:80:Infinity":32,"f:83:13:83:14":12,"s:84:6:84:Infinity":33,"s:90:2:98:Infinity":34,"f:90:12:90:18":13,"b:91:4:96:Infinity:undefined:undefined:undefined:undefined":10,"s:91:4:96:Infinity":35,"b:91:8:91:26:91:26:91:49":11,"s:92:6:92:Infinity":36,"s:93:19:93:Infinity":37,"s:94:6:94:Infinity":38,"s:95:6:95:Infinity":39,"s:100:42:100:Infinity":40,"s:101:19:101:Infinity":41,"s:102:21:102:Infinity":42,"s:103:22:103:Infinity":43,"s:104:23:104:Infinity":44,"b:104:23:104:58:104:58:104:Infinity":12,"s:105:20:105:Infinity":45,"b:105:20:105:51:105:51:105:Infinity":13,"s:106:27:106:Infinity":46,"s:107:30:107:Infinity":47,"s:109:2:401:Infinity":48,"b:119:12:119:Infinity:120:12:124:Infinity":14,"b:121:14:121:Infinity:122:14:124:Infinity":15,"b:123:16:123:Infinity:124:16:124:Infinity":16,"b:127:10:133:Infinity:134:12:163:Infinity":17,"b:135:10:143:Infinity:144:12:163:Infinity":18,"b:145:10:153:Infinity:155:10:163:Infinity":19,"b:160:80:160:98:160:98:160:113":20,"b:167:7:167:33:167:33:167:Infinity:168:8:174:Infinity":21,"b:178:7:178:Infinity:179:8:204:Infinity":22,"b:186:13:186:Infinity:187:14:194:Infinity":23,"f:197:23:197:29":14,"s:197:29:197:Infinity":49,"b:201:38:201:54:201:54:201:Infinity":24,"b:207:7:207:Infinity:208:8:219:Infinity":25,"b:213:15:213:Infinity:214:16:214:Infinity":26,"f:218:27:218:33":15,"s:218:33:218:49":50,"b:223:8:223:24:223:24:223:37:223:37:223:Infinity:224:8:251:Infinity":27,"b:227:24:227:57:227:57:227:Infinity":28,"b:230:12:247:Infinity:249:12:249:Infinity":29,"f:235:20:235:Infinity":16,"s:236:16:245:Infinity":51,"b:238:32:238:64:238:64:238:Infinity":30,"b:240:33:240:39:240:39:240:Infinity":31,"b:242:47:242:66:242:66:242:Infinity":32,"f:261:14:261:15":17,"s:262:62:262:Infinity":52,"b:263:10:266:Infinity:263:70:266:Infinity":33,"s:263:10:266:Infinity":53,"s:263:26:263:Infinity":54,"b:263:59:263:70:263:70:263:Infinity":34,"b:263:70:266:Infinity:264:133:266:Infinity":35,"s:263:70:266:Infinity":55,"s:264:52:264:Infinity":56,"b:264:84:264:98:264:98:264:Infinity":36,"b:264:122:264:133:264:133:264:Infinity":37,"b:264:133:266:Infinity:265:91:266:Infinity":38,"s:264:133:266:Infinity":57,"s:265:48:265:Infinity":58,"b:265:80:265:91:265:91:265:Infinity":39,"b:265:91:266:Infinity:undefined:undefined:undefined:undefined":40,"s:265:91:266:Infinity":59,"s:266:32:266:Infinity":60,"s:268:10:292:Infinity":61,"b:270:42:270:Infinity:271:14:272:Infinity":41,"b:271:39:271:Infinity:272:14:272:Infinity":42,"b:275:44:275:Infinity:276:16:277:Infinity":43,"b:276:41:276:Infinity:277:16:277:Infinity":44,"b:279:45:279:51:279:51:279:Infinity":45,"b:283:46:283:Infinity:284:18:285:Infinity":46,"b:284:43:284:Infinity:285:18:285:Infinity":47,"b:289:15:289:Infinity:290:16:290:Infinity":48,"b:300:10:324:Infinity:326:10:386:Infinity":49,"b:310:15:310:Infinity:311:16:318:Infinity":50,"b:328:26:328:59:328:59:328:Infinity":51,"b:328:74:328:107:328:107:328:Infinity":52,"b:332:18:332:Infinity:333:18:335:Infinity":53,"b:334:20:334:Infinity:335:20:335:Infinity":54,"b:340:13:340:Infinity:341:14:353:Infinity":55,"b:342:17:342:Infinity:343:18:350:Infinity":56,"f:358:25:358:31":18,"s:358:31:358:Infinity":62,"b:359:26:359:48:359:48:359:Infinity":57,"b:363:20:363:Infinity:364:20:368:Infinity":58,"b:365:22:365:Infinity:366:22:368:Infinity":59,"b:367:24:367:Infinity:368:24:368:Infinity":60,"b:370:16:370:31:370:31:370:47:370:47:370:Infinity:371:16:377:Infinity":61,"f:372:27:372:33":19,"s:372:33:372:Infinity":63,"b:373:28:373:50:373:50:373:Infinity":62,"b:376:42:376:65:376:65:376:Infinity":63,"b:376:76:376:106:376:106:376:Infinity":64,"b:382:15:382:35:382:35:382:52:382:52:382:Infinity:383:16:383:Infinity":65},"fnNames":{}}}
}
